   Compiling mcb-language-support v0.2.0 (/home/marlonsc/mcb/crates/mcb-language-support)
   Compiling mcb-domain v0.2.0 (/home/marlonsc/mcb/crates/mcb-domain)
   Compiling mcb-ast-utils v0.2.0 (/home/marlonsc/mcb/crates/mcb-ast-utils)
   Compiling mcb-validate v0.2.0 (/home/marlonsc/mcb/crates/mcb-validate)
   Compiling mcb-providers v0.2.0 (/home/marlonsc/mcb/crates/mcb-providers)
   Compiling mcb-application v0.2.0 (/home/marlonsc/mcb/crates/mcb-application)
   Compiling mcb-infrastructure v0.2.0 (/home/marlonsc/mcb/crates/mcb-infrastructure)
    Finished `test` profile [unoptimized + debuginfo] target(s) in 16.47s
     Running unittests src/lib.rs (target/debug/deps/mcb_infrastructure-cba6f4a638fc3672)

running 0 tests

test result: ok. 0 passed; 0 failed; 0 ignored; 0 measured; 0 filtered out; finished in 0.00s

     Running tests/integration.rs (target/debug/deps/integration-28b84a6e2feedcb1)

running 57 tests
test cache::config_tests::test_cache_stats ... ok
test cache::config_tests::test_cache_entry_config ... ok
test config::loader_tests::test_config_loader_exists ... ok
test cache::config_tests::test_cache_key_utilities ... ok
test config::loader_tests::test_config_builder ... ok
test config::loader_tests::test_config_loader_default ... ok
test config::server_tests::test_parse_address ... ok
test config::server_tests::test_presets ... ok
test config::server_tests::test_server_config_builder ... ok
test config::server_tests::test_server_url ... ok
test config::types_tests::test_server_ssl_config ... ok
test config::types_tests::test_server_network_config ... ok
test config::types_tests::test_server_config_defaults ... ok
test config::validation_tests::test_auth_config_jwt_secret_length ... ok
test config::validation_tests::test_cache_config_ttl_when_enabled ... ok
test config::validation_tests::test_cors_configuration ... ok
test config::validation_tests::test_default_config_is_valid ... ok
test config::validation_tests::test_server_config_port_validation ... ok
test config::validation_tests::test_server_url_generation ... ok
test config::validation_tests::test_ssl_cert_required_for_https ... ok
test config::validation_tests::test_timeout_configuration ... ok
test config::watcher_tests::test_config_watcher_exists ... ok
test di::architecture_validation_tests::test_all_expected_embedding_providers_registered ... ok
test di::architecture_validation_tests::test_provider_resolution_fails_gracefully_for_unknown ... ok
test di::architecture_validation_tests::test_registry_entries_have_valid_descriptions ... ok
test di::architecture_validation_tests::test_all_expected_language_providers_registered ... ok
test di::architecture_validation_tests::test_all_expected_vector_store_providers_registered ... ok
test di::architecture_validation_tests::test_all_expected_cache_providers_registered ... ok
test config::watcher_tests::test_config_watcher_creation ... ok
test di::handle_tests::test_handle_debug_impl ... ok
test di::handle_tests::test_handle_get_returns_cloned_arc ... ok
test di::handle_tests::test_handle_get_returns_initial_provider ... ok
test di::handle_tests::test_handle_set_updates_provider ... ok
test di::modules_tests::test_domain_services_container_exists ... ok
test di::resolver_tests::test_available_providers_display ... ok
test config::loader_tests::test_config_save_load ... ok
test di::modules_tests::test_domain_services_factory_exists ... ok
test di::resolver_tests::test_provider_selection_pattern ... ok
test di::handle_tests::test_handle_concurrent_access ... ok
test config::watcher_tests::test_watcher_builder ... ok
test utils::timing_tests::test_timed_operation ... ok
test config::watcher_tests::test_manual_reload ... ok
test utils::timing_tests::test_elapsed_secs ... ok
test di::catalog_tests::test_catalog_builds_with_custom_vector_store_config ... ok
test di::catalog_tests::test_catalog_builds_with_custom_embedding_config ... ok
test di::architecture_validation_tests::test_provider_factories_return_working_providers ... ok
test di::catalog_tests::test_catalog_builds_with_default_config ... ok
test di::catalog_tests::test_catalog_builds_with_custom_cache_config ... ok
test di::architecture_validation_tests::test_config_provider_names_match_resolved_providers ... ok
test di::dispatch_tests::test_admin_services_are_accessible ... ok
test di::dispatch_tests::test_provider_selection_from_config ... ok
test di::dispatch_tests::test_di_container_builder ... ok
test di::dispatch_tests::test_provider_resolution_uses_registry ... ok
test di::dispatch_tests::test_infrastructure_services_from_app_context ... ok
test di::architecture_validation_tests::test_admin_services_accessible_via_context ... ok
test di::architecture_validation_tests::test_multiple_handles_reference_same_underlying_provider ... ok
test di::architecture_validation_tests::test_handle_based_di_prevents_direct_construction ... ok

test result: ok. 57 passed; 0 failed; 0 ignored; 0 measured; 0 filtered out; finished in 1.17s

     Running tests/lib.rs (target/debug/deps/lib-face44a10725960f)

running 4 tests
test test_utils::real_providers::tests::test_create_test_code_chunks ... ok
test test_utils::real_providers::tests::test_create_test_app_context ... ok
test test_utils::real_providers::tests::test_full_stack_context_embeds_text ... ok
test test_utils::real_providers::tests::test_full_stack_context_indexes_and_searches ... ok

test result: ok. 4 passed; 0 failed; 0 ignored; 0 measured; 0 filtered out; finished in 0.54s

     Running tests/service_tests.rs (target/debug/deps/service_tests-20b693da9c3674be)

running 2 tests
test test_project_service_creation ... ok
test test_project_service_detect_all ... ok

test result: ok. 2 passed; 0 failed; 0 ignored; 0 measured; 0 filtered out; finished in 0.00s

     Running tests/unit.rs (target/debug/deps/unit-66e23086a6130b02)

running 112 tests
test constants_tests::test_aes_gcm_constants ... ok
test constants_tests::test_bcrypt_cost ... ok
test constants_tests::test_auth_headers ... ok
test constants_tests::test_cache_size_constants ... ok
test constants_tests::test_cache_namespace_separator ... ok
test constants_tests::test_cache_ttl_constants ... ok
test constants_tests::test_circuit_breaker_constants ... ok
test constants_tests::test_embedding_dimension_common_values ... ok
test constants_tests::test_embedding_dimension_constants ... ok
test constants_tests::test_embedding_dimension_openai_consistency ... ok
test constants_tests::test_file_permissions ... ok
test constants_tests::test_health_check_constants ... ok
test constants_tests::test_http_pool_constants_reasonable ... ok
test constants_tests::test_http_timeout_relationships ... ok
test constants_tests::test_jwt_expiration_constants ... ok
test constants_tests::test_pbkdf2_iterations ... ok
test constants_tests::test_rate_limiter_constants ... ok
test constants_tests::test_server_port_constants ... ok
test constants_tests::test_server_timeout_constants ... ok
test constants_tests::test_shutdown_constants ... ok
test crypto_tests::test_constant_time_eq ... ok
test crypto_tests::test_crypto_service_invalid_key_size ... ok
test crypto_tests::test_secure_erasure ... ok
test crypto_tests::test_hash_utils_hmac ... ok
test crypto_tests::test_crypto_service_encrypt_decrypt ... ok
test di_tests::test_available_providers_empty ... ok
test crypto_tests::test_token_generator ... ok
test di_tests::test_list_available_providers ... ok
test di_tests::test_available_providers_display ... ok
test error_ext_tests::test_error_context_extension ... ok
test error_ext_tests::test_infra_error_creation ... ok
test file_hash_tests::test_compute_file_hash ... ok
test health_tests::test_health_check_creation ... ok
test health_tests::test_health_response_aggregation ... ok
test health_tests::test_health_status_methods ... ok
test health_tests::test_health_registry ... ok
test config_figment_tests::test_mcp_prefix_env_vars_loaded ... ok
test lifecycle_tests::test_all_service_states_creation ... ok
test lifecycle_tests::test_dependency_health_default ... ok
test lifecycle_tests::test_dependency_health_serialization ... ok
test lifecycle_tests::test_dependency_health_values ... ok
test lifecycle_tests::test_health_check_default ... ok
test lifecycle_tests::test_health_check_serialization ... ok
test lifecycle_tests::test_health_check_with_values ... ok
test lifecycle_tests::test_healthy_service_health_check ... ok
test lifecycle_tests::test_multiple_services ... ok
test config_figment_tests::test_auth_disabled_by_default_loads_without_jwt_secret ... ok
test lifecycle_tests::test_service_as_trait_object ... ok
test lifecycle_tests::test_service_initial_state ... ok
test lifecycle_tests::test_service_name ... ok
test lifecycle_tests::test_service_restart ... ok
test lifecycle_tests::test_service_start ... ok
test lifecycle_tests::test_service_state_clone ... ok
test lifecycle_tests::test_service_state_debug ... ok
test lifecycle_tests::test_service_state_default ... ok
test lifecycle_tests::test_service_state_serialization ... ok
test lifecycle_tests::test_service_state_values ... ok
test file_hash_tests::test_has_changed ... ok
test lifecycle_tests::test_service_stop ... ok
test logging_tests::test_logging_config_default ... ok
test lifecycle_tests::test_unhealthy_service_health_check ... ok
test file_hash_tests::test_tombstone ... ok
test logging_tests::test_parse_log_level ... ok
test mcp_context_config_tests::test_default_git_config ... ok
test config_figment_tests::test_legacy_disable_watching_not_supported ... ok
test mcp_context_config_tests::test_parse_git_config_from_toml ... ok
test file_hash_tests::test_resurrect_after_tombstone ... ok
test file_hash_tests::test_get_indexed_files ... ok
test prometheus_metrics_tests::test_prometheus_export_metrics ... ok
test prometheus_metrics_tests::test_prometheus_default ... ok
test fts_check_tests::tests::test_fts5_availability ... ok
test prometheus_metrics_tests::test_prometheus_metrics_creation ... ok
test prometheus_metrics_tests::test_prometheus_record_cache_hit_miss ... ok
test prometheus_metrics_tests::test_prometheus_record_batch_embedding ... ok
test config_figment_tests::test_new_admin_key_loaded ... ok
test prometheus_metrics_tests::test_prometheus_try_new ... ok
test prometheus_metrics_tests::test_prometheus_record_embedding_latency ... ok
test prometheus_metrics_tests::test_prometheus_record_vectorstore_latency ... ok
test prometheus_metrics_tests::test_prometheus_record_indexing_throughput ... ok
test router_tests::test_custom_thresholds ... ok
test router_tests::test_get_all_health ... ok
test router_tests::test_health_transitions_to_degraded ... ok
test router_tests::test_health_transitions_to_unhealthy ... ok
test router_tests::test_new_provider_starts_healthy ... ok
test router_tests::test_router_error_no_providers ... ok
test router_tests::test_router_excludes_providers ... ok
test router_tests::test_router_fallback_when_preferred_unhealthy ... ok
test router_tests::test_router_prefers_degraded_over_unhealthy ... ok
test config_figment_tests::test_jwt_secret_required_when_auth_enabled ... ok
test router_tests::test_router_prefers_healthy_provider ... ok
test router_tests::test_router_prefers_preferred_provider ... ok
test router_tests::test_success_resets_to_healthy ... ok
test router_tests::test_router_report_failure ... ok
test router_tests::test_router_report_success ... ok
test validation_service_tests::test_list_validators ... ok
test config_figment_tests::test_watching_enabled_via_figment ... ok
test config_figment_tests::test_old_mcb_prefix_not_loaded ... ok
test memory_repository_tests::test_memory_repository_in_memory_creates ... ok
test memory_provider_tests::test_connect_in_memory ... ok
test memory_repository_tests::test_memory_repository_store_and_get_observation ... ok
test memory_fts_tests::test_fts_search_flow ... ok
test memory_provider_tests::test_connect_file_based ... ok
test health_tests::test_system_health_checker ... ok
test health_tests::test_system_health_checker_details_has_all_required_fields ... ok
test health_tests::test_system_health_checker_includes_threshold_info ... ok
test health_tests::test_system_health_checker_returns_real_cpu_metrics ... ok
test health_tests::test_system_health_checker_returns_real_memory_metrics ... ok
test health_tests::test_system_health_checker_response_time_is_measured ... ok
test health_tests::test_system_health_checker_with_strict_thresholds ... ok
test crypto_tests::test_password_service_hash_verify ... ok
test validation_service_tests::test_validate_with_specific_validator ... ok
test validation_service_tests::test_validate_mcb_workspace ... ok

test result: ok. 112 passed; 0 failed; 0 ignored; 0 measured; 0 filtered out; finished in 34.33s

     Running unittests src/lib.rs (target/debug/deps/mcb_validate-84e679aebb9b8b2e)

running 110 tests
test ast::decoder::tests::test_decode_span ... ok
test ast::decoder::tests::test_extract_name ... ok
test config::file_config::tests::test_default_config ... ok
test config::file_config::tests::test_is_validator_enabled ... ok
test config::file_config::tests::test_layer_boundaries_defaults ... ok
test config::file_config::tests::test_magic_number_allowlist ... ok
test config::file_config::tests::test_load_from_toml ... ok
test config_quality::tests::test_hardcoded_namespace_violation ... ok
test config_quality::tests::test_undocumented_default_violation ... ok
test dependency::tests::test_forbidden_dependency ... ok
test dependency::tests::test_valid_dependencies ... ok
test documentation::tests::test_missing_module_doc ... ok
test dependency::tests::test_forbidden_use_statement ... ok
test documentation::tests::test_module_doc_present ... ok
test ast::unwrap_detector::tests::test_detector_struct_api ... ok
test ast::unwrap_detector::tests::test_no_false_positives ... ok
test ast::unwrap_detector::tests::test_detect_expect_in_code ... ok
test ast::unwrap_detector::tests::test_detect_unwrap_in_code ... ok
test ast::unwrap_detector::tests::test_detect_in_test_module ... ok
test duplication::analyzer::tests::test_duplication_violation_from_candidate ... ok
test duplication::analyzer::tests::test_duplication_stats ... ok
test duplication::analyzer::tests::test_language_detection ... ok
test duplication::detector::tests::test_classify_clone_type ... ok
test duplication::detector::tests::test_clone_detector_thresholds ... ok
test duplication::detector::tests::test_lines_overlap ... ok
test duplication::detector::tests::test_tokenize_identifies_keywords ... ok
test duplication::detector::tests::test_tokenize_simple_rust ... ok
test duplication::fingerprint::tests::test_fingerprint_simple ... ok
test duplication::fingerprint::tests::test_fingerprint_stats ... ok
test duplication::fingerprint::tests::test_no_overlap_same_file ... ok
test duplication::fingerprint::tests::test_rolling_hash_consistency ... ok
test duplication::fingerprint::tests::test_token_normalization ... ok
test duplication::thresholds::tests::test_default_thresholds ... ok
test duplication::thresholds::tests::test_duplication_type_rule_ids ... ok
test duplication::thresholds::tests::test_meets_threshold ... ok
test duplication::thresholds::tests::test_should_detect ... ok
test duplication::thresholds::tests::test_strict_thresholds ... ok
test documentation::tests::test_missing_struct_doc ... ok
test filters::dependency_parser::tests::test_dev_dependencies ... ok
test filters::dependency_parser::tests::test_parse_simple_dependency ... ok
test filters::dependency_parser::tests::test_workspace_dependencies ... ok
test error_boundary::tests::test_error_rs_exempt ... ok
test error_boundary::tests::test_missing_error_context_detection ... ok
test error_boundary::tests::test_wrong_layer_error_detection ... ok
test documentation::tests::test_documented_struct ... ok
test duplication::analyzer::tests::test_should_analyze_file ... ok
test layer_flow::tests::test_layer_rules ... ok
test duplication::analyzer::tests::test_analyzer_detects_exact_duplicates ... ok
test metrics::rca_analyzer::tests::test_detect_language ... ok
test duplication::analyzer::tests::test_analyzer_respects_min_lines ... ok
test metrics::rca_analyzer::tests::test_file_aggregate_metrics ... ok
test metrics::thresholds::tests::test_custom_thresholds ... ok
test metrics::thresholds::tests::test_default_thresholds ... ok
test metrics::rca_analyzer::tests::test_analyze_rust_code ... ok
test metrics::thresholds::tests::test_from_yaml ... ok
test naming::tests::test_camel_case_detection ... ok
test naming::tests::test_screaming_snake_case_detection ... ok
test naming::tests::test_snake_case_detection ... ok
test pattern_registry::registry::tests::test_empty_registry ... ok
test pattern_registry::registry::tests::test_invalid_pattern ... ok
test metrics::rca_analyzer::tests::test_find_violations ... ok
test pattern_registry::registry::tests::test_register_pattern ... ok
test pattern_registry::registry::tests::test_pattern_matching ... ok
test pattern_validator::tests::test_dyn_trait_allowed ... ok
test pattern_validator::tests::test_concrete_type_detection ... ok
test performance::tests::test_allocation_in_loop_detection ... ok
test pattern_validator::tests::test_std_result_detection ... ok
test performance::tests::test_arc_mutex_overuse_detection ... ok
test performance::tests::test_clone_in_loop_detection ... ok
test performance::tests::test_test_module_exemption ... ok
test pmat::tests::test_pmat_availability_check ... ok
test pmat::tests::test_custom_thresholds ... ok
test pmat::tests::test_unavailable_pmat_returns_info ... ok
test pmat::tests::test_validator_creation ... ok
test refactoring::tests::test_duplicate_definition_detection ... ok
test port_adapter::tests::test_trait_pattern ... ok
test refactoring::tests::test_missing_module_reference ... ok
test reporter::report::tests::test_ci_summary_output ... ok
test reporter::report::tests::test_error_counting ... ok
test reporter::report::tests::test_human_readable_output ... ok
test refactoring::tests::test_no_false_positives_for_inline_mods ... ok
test reporter::report::tests::test_json_output ... ok
test rules::registry::tests::test_rule_enabled_check ... ok
test rules::registry::tests::test_rule_lookup ... ok
test rules::registry::tests::test_rule_registry_creation ... ok
test rules::registry::tests::test_rules_by_category ... ok
test rules::templates::tests::test_load_templates ... ok
test rules::templates::tests::test_variable_substitution ... ok
test test_quality::tests::test_ignore_violation_formatting ... ok
test test_quality::tests::test_todo_violation_formatting ... ok
test visibility::tests::test_pub_item_pattern ... ok
test rules::templates::tests::test_apply_template ... ok
test clean_architecture::validator::tests::test_ca009_infrastructure_imports_application ... ok
test clean_architecture::validator::tests::test_ca008_reexport_pattern ... ok
test clean_architecture::validator::tests::test_ca008_local_trait_pattern ... ok
test clean_architecture::validator::tests::test_server_import_pattern ... ok
test async_patterns::tests::test_blocking_in_async_detection ... ok
test clean_architecture::validator::tests::test_ca009_import_path_extraction ... ok
test async_patterns::tests::test_test_module_exemption ... ok
test implementation::validator::tests::test_null_provider_exempt ... ok
test implementation::validator::tests::test_empty_catchall_detection ... ok
test clean_architecture::validator::tests::test_ca007_service_import_pattern ... ok
test implementation::validator::tests::test_hardcoded_return_detection ... ok
test clean_architecture::validator::tests::test_ca007_concrete_type_pattern ... ok
test implementation::validator::tests::test_stub_macro_detection ... ok
test implementation::validator::tests::test_empty_method_detection ... ok
test async_patterns::tests::test_no_async_file_exempt ... ok
test async_patterns::tests::test_wrong_mutex_type_detection ... ok
test clean_architecture::validator::tests::test_service_creation_pattern ... ok
test pattern_registry::registry::tests::test_load_from_rules_dir ... ok

test result: ok. 110 passed; 0 failed; 0 ignored; 0 measured; 0 filtered out; finished in 0.25s

     Running tests/integration.rs (target/debug/deps/integration-57f05f8d1203863d)

running 154 tests
test architecture::architecture_integration_tests::test_violation_ids ... ok
test architecture::architecture_integration_tests::test_validator_creation ... ok
test ast::test_ast_query_builder ... ok
test architecture::architecture_integration_tests::test_violation_trait_implementation ... ok
test ast::test_ast_query_no_match ... ok
test ast::test_ast_query_patterns_async_functions ... ok
test ast::test_ast_query_node_type_matching ... ok
test ast::test_ast_query_patterns_undocumented_functions ... ok
test ast::test_ast_query_patterns_unwrap_usage ... ok
test ast::test_ast_query_recursive_matching ... ok
test ast::test_go_query_patterns ... ok
test ast::test_javascript_query_patterns ... ok
test ast::test_javascript_parser_simple_function ... ok
test ast::test_python_query_patterns ... ok
test ast::test_javascript_parser_arrow_function ... ok
test ast::test_python_parser_simple_function ... ok
test ast::test_query_condition_has_child ... ok
test ast::test_query_condition_no_child ... ok
test ast::test_rust_parser_simple_function ... ok
test ast::test_python_parser_class ... ok
test ast::test_rust_parser_finds_function ... ok
test ast::test_typescript_parser_typed_function ... ok
test duplication::duplication_integration_tests::test_clone_type_classification ... ok
test ast::test_rust_parser_struct ... ok
test duplication::duplication_integration_tests::test_duplication_stats ... ok
test ast::test_language_detection_rust ... ok
test ast::test_language_detection_javascript ... ok
test ast::test_language_detection_typescript ... ok
test ast::test_language_detection_python ... ok
test ast::test_language_detection_unknown ... ok
test duplication::duplication_integration_tests::test_tokenize_rust_code ... ok
test duplication::duplication_integration_tests::test_violation_trait_implementation ... ok
test duplication::duplication_integration_tests::test_fingerprinter_finds_duplicates ... ok
test engines::expression_engine_tests::test_async_detection ... ok
test engines::expression_engine_tests::test_boolean_expression ... ok
test engines::expression_engine_tests::test_custom_variables ... ok
test engines::expression_engine_tests::test_expression_engine_creation ... ok
test engines::expression_engine_tests::test_expression_rule_execution ... ok
test engines::expression_engine_tests::test_invalid_expression ... ok
test engines::expression_engine_tests::test_simple_numeric_expression ... ok
test duplication::duplication_integration_tests::test_exclude_patterns_applied ... ok
test engines::expression_engine_tests::test_test_detection ... ok
test engines::hybrid_engine_tests::test_detect_engine ... ok
test engines::hybrid_engine_tests::test_execute_auto ... ok
test engines::hybrid_engine_tests::test_execute_rules_batch ... ok
test engines::hybrid_engine_tests::test_execute_with_expression_engine ... ok
test engines::hybrid_engine_tests::test_hybrid_engine_creation ... ok
test duplication::duplication_integration_tests::test_empty_files ... ok
test duplication::duplication_integration_tests::test_analyzer_handles_multiple_languages ... ok
test engines::rete_engine_tests::test_rete_engine_creation ... ok
test duplication::duplication_integration_tests::test_comment_only_files ... ok
test engines::router_tests::test_detect_default_engine ... ok
test engines::router_tests::test_detect_expression_engine ... ok
test engines::router_tests::test_detect_rete_engine_by_content ... ok
test engines::router_tests::test_detect_rete_engine_explicit ... ok
test engines::router_tests::test_detect_rusty_rules_engine ... ok
test duplication::duplication_integration_tests::test_respects_minimum_thresholds ... ok
test duplication::duplication_integration_tests::test_analyzer_detects_exact_clones ... ok
test engines::router_tests::test_router_creation ... ok
test engines::router_tests::test_router_execute_expression ... ok
test engines::router_tests::test_validate_expression_rule ... ok
test engines::router_tests::test_validate_rete_rule ... ok
test full::full_integration_tests::test_config_exclude_patterns ... ok
test full::full_integration_tests::test_full_validation_clean_code ... ok
test full::full_integration_tests::test_generic_reporter ... ok
test full::full_integration_tests::test_registry_lists_validators ... ok
test full::full_integration_tests::test_report_json_serialization ... ok
test full::full_integration_tests::test_report_structure ... ok
test full::full_integration_tests::test_concurrent_validation ... ok
test full::full_integration_tests::test_severity_levels ... ok
test full::full_integration_tests::test_summary_calculations ... ok
test full::full_integration_tests::test_validation_config ... ok
test full::full_integration_tests::test_validation_with_violations ... ok
test full::full_integration_tests::test_violation_categories ... ok
test full::full_integration_tests::test_with_real_workspace ... ok
test integration_tests::test_constructor_injection_validator ... ok
test integration_tests::test_figment_validator ... ok
test integration_tests::test_legacy_only ... ok
test integration_tests::test_linkme_validator ... ok
test engines::ca001_domain_independence_tests::test_ca001_grl_loading ... ok
test integration_tests::test_rocket_validator ... ok
test engines::rete_engine_tests::test_load_grl_rule ... ok
test ca001::ca001_integration_tests::test_ca001_allows_clean_dependencies ... ok
test ca001::ca001_integration_tests::test_ca001_detects_mcb_domain_violations ... ok
test engines::ca001_domain_independence_tests::test_ca001_via_hybrid_engine ... ok
test engines::ca001_domain_independence_tests::test_ca001_auto_detection ... ok
test integration_tests::test_validation_config ... ok
test integration_tests::test_validation_with_legacy ... ok
test engines::hybrid_engine_tests::test_execute_with_auto_detection ... ok
test linters::test_clippy_filters_non_compiler_messages ... ok
test linters::test_clippy_json_parsing ... ok
test engines::router_tests::test_router_execute_grl ... ok
test linters::test_clippy_requires_primary_span ... ok
test engines::rete_engine_tests::test_grl_rule_execution ... ok
test integration_tests::test_validate_workspace_dependencies ... ok
test architecture::architecture_integration_tests::test_detects_server_imports_provider ... ok
test architecture::architecture_integration_tests::test_detects_entity_missing_identity ... ok
test architecture::architecture_integration_tests::test_validator_trait ... ok
test architecture::architecture_integration_tests::test_clean_code_no_violations ... ok
test architecture::architecture_integration_tests::test_detects_mutable_value_object ... ok
test full::full_integration_tests::test_validator_registry ... ok
test linters::test_linter_engine_with_specific_linters ... ok
test linters::test_lint_code_categorization ... ok
test linters::test_lint_violation_structure ... ok
test linters::test_linter_engine_creation ... ok
test architecture::architecture_integration_tests::test_detects_handler_creating_service ... ok
test linters::test_linter_mapping ... ok
test linters::test_linter_type_commands ... ok
test linters::test_linter_type_equality ... ok
test linters::test_public_api_accessible ... ok
test linters::test_ruff_empty_output ... ok
test linters::test_ruff_json_array_parsing ... ok
test linters::test_ruff_json_lines_fallback ... ok
test linters::test_ruff_severity_mapping ... ok
test linters::test_yaml_rule_executor_clippy_code_detection ... ok
test linters::test_yaml_rule_executor_disabled_rule ... ok
test linters::test_yaml_rule_executor_empty_lint_select ... ok
test integration_tests::test_validate_workspace_patterns ... ok
test linters::test_linter_engine_empty_files ... ok
test linters::test_linter_execution_with_nonexistent_files ... ok
test metrics::integration_metrics_tests::test_analyze_multiple_files ... ok
test metrics::integration_metrics_tests::test_analyze_real_file ... ok
test linters::test_yaml_rule_executor_custom_message ... ok
test metrics::integration_metrics_tests::test_detects_high_cognitive_complexity ... ok
test metrics::integration_metrics_tests::test_analyzes_impl_methods ... ok
test linters::test_linter_engine_real_execution ... ok
test metrics::integration_metrics_tests::test_detects_high_cyclomatic_complexity ... ok
test metrics::integration_metrics_tests::test_detects_long_function ... ok
test metrics::integration_metrics_tests::test_python_analysis ... ok
test metrics::integration_metrics_tests::test_javascript_analysis ... ok
test metrics::integration_metrics_tests::test_simple_function_passes ... ok
test metrics::integration_metrics_tests::test_thresholds_from_yaml_config ... ok
test metrics::integration_metrics_tests::test_suggestion_text ... ok
test metrics::integration_metrics_tests::test_violation_message_format ... ok
test yaml_metrics::yaml_metrics_tests::test_analyze_with_metrics_config ... ok
test yaml_metrics::yaml_metrics_tests::test_metrics_config_to_thresholds ... ok
test linters::test_ruff_real_execution ... ok
test linters::test_yaml_rule_executor_filters_to_lint_select ... ok
test yaml_metrics::yaml_metrics_tests::test_full_yaml_metrics_pipeline ... ok
test yaml_metrics::yaml_metrics_tests::test_load_yaml_metrics_rule ... ok
test linters::test_yaml_rule_executor_ruff_integration ... ok
test yaml_metrics::yaml_metrics_tests::test_rule_without_metrics ... ok
test ca009::test_ca009_infrastructure_imports_application ... ok
test architecture::architecture_integration_tests::test_with_workspace_root ... ok
test integration_tests::test_validate_workspace_tests ... ok
test linters::test_all_yaml_rules_with_lint_select_load ... ok
test linters::test_e2e_yaml_clippy_rule_loads ... ok
test integration_tests::test_validate_workspace_naming ... ok
test linters::test_e2e_yaml_file_to_linter_violations ... ok
test linters::test_e2e_yaml_clippy_rule_execution ... ok
test integration_tests::test_validate_workspace_quality ... ok
test integration_tests::test_validate_workspace_documentation ... ok
test linters::test_clippy_real_execution ... ok
test integration_tests::test_full_validation_report ... ok

test result: ok. 154 passed; 0 failed; 0 ignored; 0 measured; 0 filtered out; finished in 27.45s

     Running tests/test_utils.rs (target/debug/deps/test_utils-dc24da17c80006a6)

running 0 tests

test result: ok. 0 passed; 0 failed; 0 ignored; 0 measured; 0 filtered out; finished in 0.00s

     Running tests/unit.rs (target/debug/deps/unit-80b1f615b49d55c6)

running 105 tests
test ast::ast_tests::test_javascript_parser ... ok
test ast::ast_tests::test_rust_parser ... ok
test ast::ast_tests::test_python_parser ... ok
test ast_query_tests::test_query_builder ... ok
test ast::ast_tests::test_typescript_parser ... ok
test ast_query_tests::test_query_patterns ... ok
test ast_query_tests::test_unwrap_pattern ... ok
test expression_engine::expression_engine_tests::test_invalid_expression ... ok
test expression_engine::expression_engine_tests::test_simple_expression ... ok
test file_matcher_tests::test_parse_patterns ... ok
test file_matcher_tests::test_simple_includes ... ok
test expression_engine::expression_engine_tests::test_boolean_expression ... ok
test expression_engine::expression_engine_tests::test_custom_variables ... ok
test file_matcher_tests::test_default_matcher ... ok
test file_matcher_tests::test_includes_and_excludes ... ok
test file_matcher_tests::test_from_mixed_patterns ... ok
test cargo_dependency::cargo_dependency_tests::test_cargo_dependency_detection ... ok
test cargo_dependency::cargo_dependency_tests::test_cargo_dependency_detection_with_violation ... ok
test kiss::test_function_too_many_params ... ok
test language_detector_tests::test_supported_languages ... ok
test kiss::test_function_too_long ... ok
test kiss::test_acceptable_struct ... ok
test error_boundary::test_missing_error_type ... ok
test lib_tests::test_severity_serialization ... ok
test lib_tests::test_validation_config_builder ... ok
test lib_tests::test_validation_config_creation ... ok
test lib_tests::test_validation_config_should_exclude ... ok
test error_boundary::test_error_rs_exempt ... ok
test linters::linters_tests::test_linter_engine_creation ... ok
test linters::linters_tests::test_clippy_level_mapping ... ok
test linters::linters_tests::test_linter_type_matches_extension ... ok
test linters::linters_tests::test_linter_type_supported_extension ... ok
test linters::linters_tests::test_ruff_severity_mapping ... ok
test kiss::test_struct_too_many_fields ... FAILED
test organization::test_constants_file_exemption ... ok
test language_detector_tests::test_content_detection ... ok
test language_detector_tests::test_extension_detection ... ok
test ast::ast_tests::test_language_detection ... ok
test language_detector_tests::test_matches_languages ... ok
test language_detector_tests::test_unknown_extension ... ok
test organization::test_magic_number_detection ... ok
test quality::test_test_code_exempt ... ok
test quality::test_unwrap_detection ... ok
test performance::test_clone_in_loop_detection ... ok
test refactoring::test_duplicate_definition_detection ... ok
test file_matcher_tests::test_matches_any ... ok
test lib_tests::test_architecture_validator_with_config ... ok
test rete_engine::rete_engine_tests::test_rete_engine_creation ... ok
test router_tests::test_detect_default_engine ... ok
test router_tests::test_detect_expression_engine ... ok
test router_tests::test_detect_rete_engine_by_content ... ok
test router_tests::test_detect_rete_engine_explicit ... ok
test documentation::test_documented_struct ... ok
test patterns::test_arc_mutex_detection ... ok
test linters::linters_tests::test_linter_engine_execution ... ok
test refactoring::test_no_false_positives_for_inline_mods ... ok
test router_tests::test_detect_rusty_rules_engine ... ok
test router_tests::test_validate_expression_rule ... ok
test router_tests::test_validate_rete_rule ... ok
test refactoring::test_missing_module_reference ... ok
test rust_rule_engine_tests::test_wrapper_clone ... ok
test rule_filters_tests::test_dependency_filter ... ok
test rule_filters_tests::test_no_filters ... ok
test rule_filters_tests::test_language_filter ... ok
test rust_rule_engine_tests::test_wrapper_creation ... ok
test patterns::test_deprecated_api_detection ... ok
test rule_filters_tests::test_combined_filters ... ok
test performance::test_box_large_type_suggestion ... ok
test rete_engine::rete_engine_tests::test_grl_parsing_with_assertion ... ok
test unwrap_detector::unwrap_detector_tests::test_detect_expect ... ok
test unwrap_detector::unwrap_detector_tests::test_detect_in_test_module ... ok
test unwrap_detector::unwrap_detector_tests::test_detect_multiple ... ok
test unwrap_detector::unwrap_detector_tests::test_detect_unwrap_simple ... ok
test unwrap_detector::unwrap_detector_tests::test_detector_creation ... ok
test unwrap_detector::unwrap_detector_tests::test_ignore_safe_alternatives ... ok
test validator_engine_tests::test_invalid_category ... ok
test validator_engine_tests::test_invalid_engine ... ok
test validator_engine_tests::test_valid_rule_config ... ok
test unwrap_detector::unwrap_detector_tests::test_line_numbers_are_correct ... ok
test tests_org::tests_org_tests::test_function_naming_validation ... ok
test documentation::test_missing_struct_doc ... ok
test rule_filters_tests::test_file_pattern_filter ... ok
test rete_engine::rete_engine_tests::test_rule_execution_modifies_facts ... ok
test yaml_validator_tests::test_invalid_category ... ok
test yaml_validator_tests::test_invalid_engine ... ok
test yaml_validator_tests::test_invalid_severity ... ok
test yaml_loader::yaml_loader_tests::test_load_valid_rule ... ok
test yaml_validator_tests::test_invalid_rule_validation ... ok
test rete_engine::rete_engine_tests::test_ca001_detects_violation_end_to_end ... ok
test yaml_validator_tests::test_schema_loading ... ok
test quality::test_todo_detection ... ok
test yaml_validator_tests::test_valid_rule_validation ... ok
test yaml_loader::yaml_loader_tests::test_load_rule_with_template ... ok
test implementation::test_null_provider_exempt ... ok
test tests_org::tests_org_tests::test_inline_test_detection ... ok
test implementation::test_empty_catchall_detection ... ok
test solid::test_large_trait_detection ... ok
test async_patterns::test_proper_async_patterns ... ok
test async_patterns::test_blocking_in_async_detection ... ok
test solid::test_partial_impl_detection ... ok
test implementation::test_stub_macro_detection ... ok
test implementation::test_empty_method_detection ... ok
test template_engine::template_engine_tests::test_apply_cargo_dependency_template ... ok
test architecture_rules::architecture_rules_tests::test_ca001_rule_loading ... ok
test yaml_loader::yaml_loader_tests::test_yaml_rule_execution_detects_violations ... ok

failures:

---- kiss::test_struct_too_many_fields stdout ----

thread 'kiss::test_struct_too_many_fields' (3691396) panicked at crates/mcb-validate/tests/unit/kiss_tests.rs:32:5:
assertion `left == right` failed
  left: 0
 right: 1
note: run with `RUST_BACKTRACE=1` environment variable to display a backtrace


failures:
    kiss::test_struct_too_many_fields

test result: FAILED. 104 passed; 1 failed; 0 ignored; 0 measured; 0 filtered out; finished in 0.54s

error: test failed, to rerun pass `-p mcb-validate --test unit`
