TN:
SF:/home/marlonsc/mcb/crates/mcb-domain/src/entities/api_key.rs
FNF:0
DA:13,0
DA:16,0
DA:18,0
DA:20,0
DA:22,0
DA:24,0
DA:26,0
LF:7
LH:0
end_of_record
TN:
SF:/home/marlonsc/mcb/crates/mcb-domain/src/entities/codebase.rs
FN:75,SnapshotChanges::has_changes
FN:84,SnapshotChanges::total_changes
FNF:2
FNDA:0,SnapshotChanges::has_changes
FNDA:0,SnapshotChanges::total_changes
DA:75,0
DA:76,0
DA:84,0
DA:85,0
LF:4
LH:0
end_of_record
TN:
SF:/home/marlonsc/mcb/crates/mcb-domain/src/entities/issue.rs
FNF:0
DA:11,0
DA:14,0
DA:16,0
DA:18,0
DA:24,0
DA:27,0
DA:29,0
LF:7
LH:0
end_of_record
TN:
SF:/home/marlonsc/mcb/crates/mcb-domain/src/entities/memory/error_pattern.rs
FNF:0
DA:9,0
DA:11,0
DA:13,0
DA:15,0
DA:17,0
DA:19,0
DA:21,0
DA:23,0
DA:25,0
LF:9
LH:0
end_of_record
TN:
SF:/home/marlonsc/mcb/crates/mcb-domain/src/entities/memory/execution.rs
FNF:0
DA:9,0
DA:11,0
DA:13,0
DA:15,0
DA:17,0
LF:5
LH:0
end_of_record
TN:
SF:/home/marlonsc/mcb/crates/mcb-domain/src/entities/memory/origin_context.rs
FN:67,generate_id
FN:72,<impl Default for OriginContext>::default
FNF:2
FNDA:0,generate_id
FNDA:0,<impl Default for OriginContext>::default
DA:67,0
DA:68,0
DA:72,0
DA:74,0
LF:4
LH:0
end_of_record
TN:
SF:/home/marlonsc/mcb/crates/mcb-domain/src/entities/memory/quality_gate.rs
FNF:0
DA:15,0
DA:17,0
DA:19,0
DA:21,0
DA:23,0
LF:5
LH:0
end_of_record
TN:
SF:/home/marlonsc/mcb/crates/mcb-domain/src/entities/memory/search.rs
FN:73,<impl Debug for MemoryFilter>::fmt
FN:105,MemoryFilter::matches
FNF:2
FNDA:0,<impl Debug for MemoryFilter>::fmt
FNDA:0,MemoryFilter::matches
DA:73,0
DA:74,0
DA:75,0
DA:76,0
DA:77,0
DA:80,0
DA:81,0
DA:83,0
DA:88,0
DA:89,0
DA:91,0
DA:94,0
DA:95,0
DA:96,0
DA:97,0
DA:105,0
DA:106,0
DA:109,0
DA:111,0
DA:114,0
DA:116,0
DA:117,0
DA:119,0
DA:120,0
DA:121,0
DA:124,0
DA:127,0
DA:129,0
DA:134,0
DA:136,0
DA:139,0
DA:141,0
DA:144,0
DA:157,0
LF:34
LH:0
end_of_record
TN:
SF:/home/marlonsc/mcb/crates/mcb-domain/src/entities/observation.rs
FN:57,<impl Debug for ObservationMetadata>::fmt
FN:81,<impl Default for ObservationMetadata>::default
FNF:2
FNDA:0,<impl Debug for ObservationMetadata>::fmt
FNDA:0,<impl Default for ObservationMetadata>::default
DA:11,0
DA:13,0
DA:15,0
DA:17,0
DA:19,0
DA:21,0
DA:23,0
DA:25,0
DA:57,0
DA:58,0
DA:59,0
DA:62,0
DA:63,0
DA:65,0
DA:68,0
DA:69,0
DA:70,0
DA:71,0
DA:72,0
DA:73,0
DA:74,0
DA:81,0
DA:83,0
LF:23
LH:0
end_of_record
TN:
SF:/home/marlonsc/mcb/crates/mcb-domain/src/entities/plan.rs
FNF:0
DA:11,0
DA:14,0
DA:16,0
DA:18,0
DA:20,0
DA:26,0
DA:28,0
DA:30,0
DA:32,0
DA:34,0
DA:36,0
DA:82,0
DA:84,0
DA:86,0
DA:88,0
LF:15
LH:0
end_of_record
TN:
SF:/home/marlonsc/mcb/crates/mcb-domain/src/entities/project.rs
FN:86,ProjectType::name
FN:96,ProjectType::type_name
FNF:2
FNDA:0,ProjectType::name
FNDA:0,ProjectType::type_name
DA:22,0
DA:25,0
DA:27,0
DA:86,0
DA:87,0
DA:88,0
DA:89,0
DA:90,0
DA:96,0
DA:97,0
DA:98,0
DA:99,0
DA:100,0
DA:101,0
DA:102,0
DA:126,0
DA:128,0
DA:130,0
DA:132,0
DA:134,0
DA:136,0
DA:142,0
DA:144,0
DA:146,0
DA:148,0
DA:150,0
DA:152,0
DA:158,0
DA:160,0
DA:162,0
DA:164,0
DA:166,0
DA:168,0
DA:174,0
DA:176,0
DA:178,0
DA:180,0
DA:182,0
DA:188,0
DA:191,0
DA:193,0
DA:195,0
DA:197,0
DA:199,0
DA:201,0
DA:207,0
DA:210,0
DA:213,0
DA:215,0
DA:217,0
DA:219,0
DA:221,0
DA:223,0
DA:226,0
DA:228,0
DA:231,0
DA:234,0
DA:237,0
DA:240,0
DA:243,0
DA:246,0
DA:249,0
DA:255,0
DA:258,0
DA:260,0
DA:262,0
DA:268,0
DA:271,0
DA:273,0
DA:275,0
DA:277,0
DA:279,0
LF:72
LH:0
end_of_record
TN:
SF:/home/marlonsc/mcb/crates/mcb-domain/src/entities/repository.rs
FNF:0
DA:9,0
DA:11,0
DA:14,0
DA:17,0
DA:30,0
DA:33,0
DA:35,0
DA:37,0
DA:39,0
DA:49,0
DA:52,0
DA:54,0
DA:56,0
DA:58,0
DA:60,0
LF:15
LH:0
end_of_record
TN:
SF:/home/marlonsc/mcb/crates/mcb-domain/src/entities/submodule.rs
FN:41,<impl Default for SubmoduleDiscoveryConfig>::default
FN:53,SubmoduleInfo::collection_name
FN:59,SubmoduleInfo::repo_id
FNF:3
FNDA:0,<impl Default for SubmoduleDiscoveryConfig>::default
FNDA:0,SubmoduleInfo::collection_name
FNDA:0,SubmoduleInfo::repo_id
DA:41,0
DA:53,0
DA:54,0
DA:59,0
DA:60,0
LF:5
LH:0
end_of_record
TN:
SF:/home/marlonsc/mcb/crates/mcb-domain/src/entities/team.rs
FNF:0
DA:13,0
DA:16,0
DA:41,0
DA:43,0
DA:45,0
LF:5
LH:0
end_of_record
TN:
SF:/home/marlonsc/mcb/crates/mcb-domain/src/entities/user.rs
FNF:0
DA:12,0
DA:15,0
DA:17,0
DA:19,0
DA:21,0
DA:27,0
DA:28,0
DA:31,0
DA:33,0
DA:35,0
DA:37,0
LF:11
LH:0
end_of_record
TN:
SF:/home/marlonsc/mcb/crates/mcb-domain/src/entities/vcs/branch.rs
FN:19,VcsBranch::new
FN:37,VcsBranch::id
FN:43,VcsBranch::name
FN:49,VcsBranch::head_commit
FN:55,VcsBranch::is_default
FN:61,VcsBranch::upstream
FNF:6
FNDA:0,VcsBranch::new
FNDA:0,VcsBranch::id
FNDA:0,VcsBranch::name
FNDA:0,VcsBranch::head_commit
FNDA:0,VcsBranch::is_default
FNDA:0,VcsBranch::upstream
DA:19,0
DA:37,0
DA:38,0
DA:43,0
DA:44,0
DA:49,0
DA:50,0
DA:55,0
DA:56,0
DA:61,0
DA:62,0
LF:11
LH:0
end_of_record
TN:
SF:/home/marlonsc/mcb/crates/mcb-domain/src/entities/vcs/commit.rs
FN:46,VcsCommit::new
FN:60,VcsCommit::id
FN:66,VcsCommit::hash
FN:72,VcsCommit::message
FN:78,VcsCommit::author
FN:84,VcsCommit::author_email
FN:90,VcsCommit::timestamp
FN:96,VcsCommit::parent_hashes
FNF:8
FNDA:0,VcsCommit::new
FNDA:0,VcsCommit::id
FNDA:0,VcsCommit::hash
FNDA:0,VcsCommit::message
FNDA:0,VcsCommit::author
FNDA:0,VcsCommit::author_email
FNDA:0,VcsCommit::timestamp
FNDA:0,VcsCommit::parent_hashes
DA:46,0
DA:48,0
DA:49,0
DA:50,0
DA:51,0
DA:52,0
DA:53,0
DA:54,0
DA:60,0
DA:61,0
DA:66,0
DA:67,0
DA:72,0
DA:73,0
DA:78,0
DA:79,0
DA:84,0
DA:85,0
DA:90,0
DA:91,0
DA:96,0
DA:97,0
LF:22
LH:0
end_of_record
TN:
SF:/home/marlonsc/mcb/crates/mcb-domain/src/entities/vcs/vcs_repo.rs
FN:23,VcsRepository::new
FN:41,VcsRepository::id
FN:47,VcsRepository::path
FN:53,VcsRepository::default_branch
FN:59,VcsRepository::branches
FN:65,VcsRepository::remote_url
FNF:6
FNDA:0,VcsRepository::new
FNDA:0,VcsRepository::id
FNDA:0,VcsRepository::path
FNDA:0,VcsRepository::default_branch
FNDA:0,VcsRepository::branches
FNDA:0,VcsRepository::remote_url
DA:23,0
DA:41,0
DA:42,0
DA:47,0
DA:53,0
DA:54,0
DA:59,0
DA:60,0
DA:65,0
DA:66,0
LF:10
LH:0
end_of_record
TN:
SF:/home/marlonsc/mcb/crates/mcb-domain/src/entities/worktree.rs
FNF:0
DA:18,0
DA:21,0
DA:23,0
DA:25,0
DA:27,0
DA:29,0
DA:35,0
DA:37,0
DA:39,0
DA:41,0
LF:10
LH:0
end_of_record
TN:
SF:/home/marlonsc/mcb/crates/mcb-domain/src/error/types.rs
FN:232,Error::generic
FN:237,Error::not_found
FN:244,Error::invalid_argument
FN:251,Error::vector_db
FN:258,Error::embedding
FN:265,Error::io
FN:278,Error::io_with_source
FN:284,Error::config
FN:291,Error::configuration
FN:299,Error::authentication
FN:307,Error::network
FN:315,Error::database
FN:323,Error::internal
FN:330,Error::cache
FN:337,Error::infrastructure
FN:345,Error::vcs
FN:358,Error::vcs_with_source
FN:369,Error::database_with_source
FN:380,Error::config_with_source
FN:394,Error::infrastructure_with_source
FN:400,Error::config_invalid
FN:407,Error::repository_not_found
FN:412,Error::branch_not_found
FN:417,Error::memory
FN:429,Error::memory_with_source
FN:467,Error::not_found_or
FN:474,<impl From for Error>::from
FNF:27
FNDA:0,Error::generic
FNDA:0,Error::not_found
FNDA:0,Error::invalid_argument
FNDA:0,Error::vector_db
FNDA:0,Error::embedding
FNDA:0,Error::io
FNDA:0,Error::io_with_source
FNDA:0,Error::config
FNDA:0,Error::configuration
FNDA:0,Error::authentication
FNDA:0,Error::network
FNDA:0,Error::database
FNDA:0,Error::internal
FNDA:0,Error::cache
FNDA:0,Error::infrastructure
FNDA:0,Error::vcs
FNDA:0,Error::vcs_with_source
FNDA:0,Error::database_with_source
FNDA:0,Error::config_with_source
FNDA:0,Error::infrastructure_with_source
FNDA:0,Error::config_invalid
FNDA:0,Error::repository_not_found
FNDA:0,Error::branch_not_found
FNDA:0,Error::memory
FNDA:0,Error::memory_with_source
FNDA:0,Error::not_found_or
FNDA:0,<impl From for Error>::from
DA:232,0
DA:233,0
DA:237,0
DA:239,0
DA:244,0
DA:246,0
DA:251,0
DA:253,0
DA:258,0
DA:260,0
DA:265,0
DA:267,0
DA:278,0
DA:279,0
DA:284,0
DA:286,0
DA:291,0
DA:293,0
DA:299,0
DA:301,0
DA:307,0
DA:309,0
DA:315,0
DA:317,0
DA:323,0
DA:325,0
DA:330,0
DA:332,0
DA:337,0
DA:339,0
DA:345,0
DA:347,0
DA:358,0
DA:359,0
DA:369,0
DA:370,0
DA:380,0
DA:381,0
DA:394,0
DA:395,0
DA:400,0
DA:402,0
DA:403,0
DA:407,0
DA:408,0
DA:412,0
DA:413,0
DA:417,0
DA:419,0
DA:429,0
DA:430,0
DA:433,0
DA:467,0
DA:468,0
DA:474,0
DA:475,0
LF:56
LH:0
end_of_record
TN:
SF:/home/marlonsc/mcb/crates/mcb-domain/src/infra/logging.rs
FN:19,set_log_fn
FN:25,dispatch
FN:37,set_stderr_log_level
FN:48,level_to_u8
FN:59,stderr_log_fn
FN:85,tracing_log_fn
FNF:6
FNDA:0,set_log_fn
FNDA:0,dispatch
FNDA:0,set_stderr_log_level
FNDA:0,level_to_u8
FNDA:0,stderr_log_fn
FNDA:0,tracing_log_fn
DA:19,0
DA:20,0
DA:25,0
DA:31,0
DA:32,0
DA:37,0
DA:38,0
DA:45,0
DA:48,0
DA:49,0
DA:59,0
DA:65,0
DA:69,0
DA:70,0
DA:71,0
DA:72,0
DA:73,0
DA:74,0
DA:77,0
DA:78,0
DA:80,0
DA:85,0
DA:93,0
DA:94,0
DA:96,0
DA:101,0
LF:26
LH:0
end_of_record
TN:
SF:/home/marlonsc/mcb/crates/mcb-domain/src/macros/entities.rs
FNF:0
DA:18,0
DA:19,0
DA:21,0
DA:22,0
DA:23,0
DA:24,0
DA:26,0
DA:27,0
DA:28,0
DA:29,0
DA:30,0
DA:31,0
DA:34,0
DA:38,0
DA:39,0
DA:43,0
DA:44,0
DA:51,0
DA:53,0
DA:54,0
DA:58,0
DA:59,0
DA:60,0
DA:61,0
DA:66,0
DA:67,0
DA:71,0
DA:72,0
DA:76,0
DA:77,0
DA:82,0
DA:83,0
DA:88,0
DA:89,0
DA:96,0
DA:97,0
DA:102,0
DA:108,0
DA:109,0
DA:161,0
DA:176,0
DA:191,0
DA:206,0
DA:221,0
DA:235,0
DA:236,0
DA:264,0
DA:265,0
DA:266,0
DA:267,0
DA:269,0
DA:270,0
DA:271,0
DA:272,0
DA:273,0
DA:296,0
DA:297,0
DA:298,0
DA:299,0
DA:301,0
DA:302,0
DA:303,0
DA:304,0
LF:63
LH:0
end_of_record
TN:
SF:/home/marlonsc/mcb/crates/mcb-domain/src/macros/logging.rs
FNF:0
DA:33,0
LF:1
LH:0
end_of_record
TN:
SF:/home/marlonsc/mcb/crates/mcb-domain/src/macros/ports.rs
FNF:0
DA:75,0
DA:76,0
DA:77,0
DA:78,0
LF:4
LH:0
end_of_record
TN:
SF:/home/marlonsc/mcb/crates/mcb-domain/src/macros/registry.rs
FNF:0
DA:39,0
DA:40,0
DA:42,0
DA:43,0
DA:44,0
DA:45,0
DA:49,0
DA:51,0
DA:58,0
DA:59,0
DA:117,0
DA:118,0
DA:119,0
LF:13
LH:0
end_of_record
TN:
SF:/home/marlonsc/mcb/crates/mcb-domain/src/ports/admin.rs
FN:235,ProviderInfo::new
FNF:1
FNDA:0,ProviderInfo::new
DA:235,0
DA:237,0
DA:238,0
LF:3
LH:0
end_of_record
TN:
SF:/home/marlonsc/mcb/crates/mcb-domain/src/ports/infrastructure.rs
FN:124,LifecycleManaged::restart
FN:131,LifecycleManaged::health_check
FN:221,ProviderContext::new
FN:227,ProviderContext::with_operation
FN:234,ProviderContext::prefer
FN:241,ProviderContext::exclude
FN:320,<impl Default for SyncOptions>::default
FN:342,SyncResult::skipped
FN:352,SyncResult::completed
FNF:9
FNDA:0,LifecycleManaged::restart
FNDA:0,LifecycleManaged::health_check
FNDA:0,ProviderContext::new
FNDA:0,ProviderContext::with_operation
FNDA:0,ProviderContext::prefer
FNDA:0,ProviderContext::exclude
FNDA:0,<impl Default for SyncOptions>::default
FNDA:0,SyncResult::skipped
FNDA:0,SyncResult::completed
DA:124,0
DA:125,0
DA:126,0
DA:131,0
DA:133,0
DA:134,0
DA:143,0
DA:221,0
DA:222,0
DA:227,0
DA:228,0
DA:229,0
DA:234,0
DA:235,0
DA:236,0
DA:241,0
DA:242,0
DA:243,0
DA:320,0
DA:322,0
DA:342,0
DA:346,0
DA:352,0
DA:353,0
LF:24
LH:0
end_of_record
TN:
SF:/home/marlonsc/mcb/crates/mcb-domain/src/ports/providers.rs
FN:106,resolve_code_analyzer
FN:125,resolve_default_code_analyzer
FN:136,list_code_analyzers
FN:167,ProviderConfigManagerInterface::has_embedding_provider
FN:172,ProviderConfigManagerInterface::has_vector_store_provider
FN:178,ProviderConfigManagerInterface::get_default_embedding_config
FN:188,ProviderConfigManagerInterface::get_default_vector_store_config
FN:219,EncryptedData::new
FN:254,EmbeddingProvider::embed
FN:276,EmbeddingProvider::health_check
FN:302,<impl Default for HttpClientConfig>::default
FN:397,LanguageChunkingProvider::supports_extension
FN:404,LanguageChunkingProvider::max_chunk_size
FN:441,labels_from
FN:468,MetricsProvider::record_index_time
FN:484,MetricsProvider::record_search_latency
FN:499,MetricsProvider::record_embedding_latency
FN:509,MetricsProvider::increment_indexed_files
FN:516,MetricsProvider::increment_search_requests
FN:522,MetricsProvider::set_active_indexing_jobs
FN:528,MetricsProvider::set_vector_store_size
FN:535,MetricsProvider::record_cache_access
FN:650,VectorStoreAdmin::health_check
FNF:23
FNDA:0,resolve_code_analyzer
FNDA:0,resolve_default_code_analyzer
FNDA:0,list_code_analyzers
FNDA:0,ProviderConfigManagerInterface::has_embedding_provider
FNDA:0,ProviderConfigManagerInterface::has_vector_store_provider
FNDA:0,ProviderConfigManagerInterface::get_default_embedding_config
FNDA:0,ProviderConfigManagerInterface::get_default_vector_store_config
FNDA:0,EncryptedData::new
FNDA:0,EmbeddingProvider::embed
FNDA:0,EmbeddingProvider::health_check
FNDA:0,<impl Default for HttpClientConfig>::default
FNDA:0,LanguageChunkingProvider::supports_extension
FNDA:0,LanguageChunkingProvider::max_chunk_size
FNDA:0,labels_from
FNDA:0,MetricsProvider::record_index_time
FNDA:0,MetricsProvider::record_search_latency
FNDA:0,MetricsProvider::record_embedding_latency
FNDA:0,MetricsProvider::increment_indexed_files
FNDA:0,MetricsProvider::increment_search_requests
FNDA:0,MetricsProvider::set_active_indexing_jobs
FNDA:0,MetricsProvider::set_vector_store_size
FNDA:0,MetricsProvider::record_cache_access
FNDA:0,VectorStoreAdmin::health_check
DA:106,0
DA:107,0
DA:108,0
DA:109,0
DA:110,0
DA:115,0
DA:116,0
DA:125,0
DA:126,0
DA:127,0
DA:129,0
DA:130,0
DA:136,0
DA:137,0
DA:139,0
DA:167,0
DA:168,0
DA:172,0
DA:173,0
DA:174,0
DA:178,0
DA:179,0
DA:180,0
DA:181,0
DA:183,0
DA:188,0
DA:189,0
DA:190,0
DA:191,0
DA:193,0
DA:219,0
DA:254,0
DA:255,0
DA:256,0
DA:259,0
DA:276,0
DA:277,0
DA:278,0
DA:302,0
DA:305,0
DA:306,0
DA:307,0
DA:308,0
DA:397,0
DA:398,0
DA:400,0
DA:404,0
DA:405,0
DA:441,0
DA:442,0
DA:444,0
DA:468,0
DA:469,0
DA:470,0
DA:472,0
DA:473,0
DA:475,0
DA:484,0
DA:485,0
DA:487,0
DA:488,0
DA:490,0
DA:499,0
DA:500,0
DA:502,0
DA:503,0
DA:505,0
DA:509,0
DA:510,0
DA:511,0
DA:512,0
DA:516,0
DA:517,0
DA:518,0
DA:522,0
DA:523,0
DA:524,0
DA:528,0
DA:529,0
DA:530,0
DA:531,0
DA:535,0
DA:536,0
DA:537,0
DA:538,0
DA:540,0
DA:650,0
DA:651,0
DA:652,0
DA:653,0
LF:90
LH:0
end_of_record
TN:
SF:/home/marlonsc/mcb/crates/mcb-domain/src/ports/services.rs
FN:167,<impl Default for ChunkingOptions>::default
FN:234,CodeChunker::is_language_supported
FN:439,JobStatus::is_terminal
FN:445,JobStatus::is_active
FN:494,Job::new
FNF:5
FNDA:0,<impl Default for ChunkingOptions>::default
FNDA:0,CodeChunker::is_language_supported
FNDA:0,JobStatus::is_terminal
FNDA:0,JobStatus::is_active
FNDA:0,Job::new
DA:167,0
DA:234,0
DA:235,0
DA:439,0
DA:440,0
DA:445,0
DA:446,0
DA:494,0
DA:498,0
DA:504,0
LF:10
LH:0
end_of_record
TN:
SF:/home/marlonsc/mcb/crates/mcb-domain/src/ports/validation.rs
FN:24,<impl Display for Severity>::fmt
FN:75,<impl Display for ViolationCategory>::fmt
FN:112,Violation::message
FN:117,Violation::suggestion
FN:122,Violation::boxed
FN:189,ValidationConfig::new
FN:201,ValidationConfig::with_additional_path
FN:208,ValidationConfig::with_exclude_pattern
FN:215,ValidationConfig::should_exclude
FN:238,NamedCheck<'a>::new
FN:253,run_checks
FN:283,Validator::checks
FN:291,Validator::validate
FN:296,Validator::enabled_by_default
FN:301,Validator::description
FN:306,Validator::supported_languages
FN:365,LanguageId::name
FN:392,LanguageId::extensions
FN:419,LanguageId::from_name
FN:428,LanguageId::from_extension
FN:456,LanguageId::from_filename
FN:468,LanguageId::from_shebang
FN:494,<impl FromStr for LanguageId>::from_str
FN:500,<impl Display for LanguageId>::fmt
FNF:24
FNDA:0,<impl Display for Severity>::fmt
FNDA:0,<impl Display for ViolationCategory>::fmt
FNDA:0,Violation::message
FNDA:0,Violation::suggestion
FNDA:0,Violation::boxed
FNDA:0,ValidationConfig::new
FNDA:0,ValidationConfig::with_additional_path
FNDA:0,ValidationConfig::with_exclude_pattern
FNDA:0,ValidationConfig::should_exclude
FNDA:0,NamedCheck<'a>::new
FNDA:0,run_checks
FNDA:0,Validator::checks
FNDA:0,Validator::validate
FNDA:0,Validator::enabled_by_default
FNDA:0,Validator::description
FNDA:0,Validator::supported_languages
FNDA:0,LanguageId::name
FNDA:0,LanguageId::extensions
FNDA:0,LanguageId::from_name
FNDA:0,LanguageId::from_extension
FNDA:0,LanguageId::from_filename
FNDA:0,LanguageId::from_shebang
FNDA:0,<impl FromStr for LanguageId>::from_str
FNDA:0,<impl Display for LanguageId>::fmt
DA:24,0
DA:25,0
DA:26,0
DA:27,0
DA:28,0
DA:75,0
DA:76,0
DA:77,0
DA:78,0
DA:79,0
DA:80,0
DA:81,0
DA:82,0
DA:83,0
DA:84,0
DA:85,0
DA:86,0
DA:87,0
DA:88,0
DA:89,0
DA:90,0
DA:91,0
DA:92,0
DA:93,0
DA:112,0
DA:113,0
DA:117,0
DA:118,0
DA:122,0
DA:126,0
DA:189,0
DA:190,0
DA:191,0
DA:194,0
DA:195,0
DA:201,0
DA:202,0
DA:203,0
DA:208,0
DA:209,0
DA:210,0
DA:215,0
DA:216,0
DA:217,0
DA:219,0
DA:221,0
DA:238,0
DA:244,0
DA:253,0
DA:257,0
DA:258,0
DA:259,0
DA:260,0
DA:261,0
DA:266,0
DA:268,0
DA:283,0
DA:284,0
DA:291,0
DA:292,0
DA:296,0
DA:297,0
DA:301,0
DA:302,0
DA:306,0
DA:307,0
DA:365,0
DA:366,0
DA:367,0
DA:368,0
DA:369,0
DA:370,0
DA:371,0
DA:372,0
DA:373,0
DA:374,0
DA:375,0
DA:376,0
DA:377,0
DA:378,0
DA:379,0
DA:380,0
DA:381,0
DA:382,0
DA:383,0
DA:384,0
DA:385,0
DA:386,0
DA:392,0
DA:393,0
DA:394,0
DA:395,0
DA:396,0
DA:397,0
DA:398,0
DA:399,0
DA:400,0
DA:401,0
DA:402,0
DA:403,0
DA:404,0
DA:405,0
DA:406,0
DA:407,0
DA:408,0
DA:409,0
DA:410,0
DA:411,0
DA:412,0
DA:413,0
DA:419,0
DA:420,0
DA:421,0
DA:423,0
DA:428,0
DA:429,0
DA:430,0
DA:431,0
DA:432,0
DA:433,0
DA:434,0
DA:435,0
DA:436,0
DA:437,0
DA:438,0
DA:439,0
DA:440,0
DA:441,0
DA:442,0
DA:443,0
DA:444,0
DA:445,0
DA:446,0
DA:447,0
DA:448,0
DA:449,0
DA:450,0
DA:456,0
DA:457,0
DA:458,0
DA:459,0
DA:460,0
DA:461,0
DA:462,0
DA:468,0
DA:469,0
DA:470,0
DA:471,0
DA:472,0
DA:473,0
DA:474,0
DA:475,0
DA:476,0
DA:477,0
DA:478,0
DA:479,0
DA:480,0
DA:482,0
DA:484,0
DA:487,0
DA:494,0
DA:495,0
DA:500,0
DA:501,0
LF:164
LH:0
end_of_record
TN:
SF:/home/marlonsc/mcb/crates/mcb-domain/src/protocol/mcp_types.rs
FN:41,default_jsonrpc
FN:57,McpResponse::success
FN:67,McpResponse::error
FNF:3
FNDA:0,default_jsonrpc
FNDA:0,McpResponse::success
FNDA:0,McpResponse::error
DA:41,0
DA:42,0
DA:57,0
DA:59,0
DA:60,0
DA:67,0
DA:69,0
DA:71,0
LF:8
LH:0
end_of_record
TN:
SF:/home/marlonsc/mcb/crates/mcb-domain/src/registry/admin_operations.rs
FN:14,IndexingOperationsProviderConfig::new
FN:42,ValidationOperationsProviderConfig::new
FNF:2
FNDA:0,IndexingOperationsProviderConfig::new
FNDA:0,ValidationOperationsProviderConfig::new
DA:14,0
DA:16,0
DA:42,0
DA:44,0
LF:4
LH:0
end_of_record
TN:
SF:/home/marlonsc/mcb/crates/mcb-domain/src/registry/database.rs
FN:36,DatabaseProviderConfig::new
FN:45,DatabaseProviderConfig::with_path
FN:74,resolve_database_provider
FN:142,resolve_database_repositories
FN:165,list_database_providers
FN:199,resolve_migration_provider
FN:211,list_migration_providers
FN:227,migrate_up
FN:243,migrate_down
FNF:9
FNDA:0,DatabaseProviderConfig::new
FNDA:0,DatabaseProviderConfig::with_path
FNDA:0,resolve_database_provider
FNDA:0,resolve_database_repositories
FNDA:0,list_database_providers
FNDA:0,resolve_migration_provider
FNDA:0,list_migration_providers
FNDA:0,migrate_up
FNDA:0,migrate_down
DA:36,0
DA:38,0
DA:45,0
DA:46,0
DA:47,0
DA:74,0
DA:77,0
DA:78,0
DA:79,0
DA:83,0
DA:85,0
DA:88,0
DA:142,0
DA:147,0
DA:148,0
DA:149,0
DA:153,0
DA:155,0
DA:158,0
DA:165,0
DA:166,0
DA:168,0
DA:199,0
DA:201,0
DA:202,0
DA:204,0
DA:211,0
DA:212,0
DA:214,0
DA:227,0
DA:231,0
DA:232,0
DA:243,0
DA:247,0
DA:248,0
LF:35
LH:0
end_of_record
TN:
SF:/home/marlonsc/mcb/crates/mcb-domain/src/registry/services.rs
FN:57,find_builder
FNF:1
FNDA:0,find_builder
DA:57,0
DA:58,0
DA:60,0
DA:61,0
DA:62,0
DA:72,0
DA:73,0
DA:74,0
DA:75,0
LF:9
LH:0
end_of_record
TN:
SF:/home/marlonsc/mcb/crates/mcb-domain/src/registry/validation.rs
FN:39,list_validator_entries
FN:48,list_validator_names
FN:57,validator_count
FN:66,build_all_validators
FN:84,build_named_validators
FN:110,violation_to_entry
FN:130,build_report
FN:158,filter_violations_by_severity
FNF:8
FNDA:0,list_validator_entries
FNDA:0,list_validator_names
FNDA:0,validator_count
FNDA:0,build_all_validators
FNDA:0,build_named_validators
FNDA:0,violation_to_entry
FNDA:0,build_report
FNDA:0,filter_violations_by_severity
DA:39,0
DA:40,0
DA:42,0
DA:48,0
DA:49,0
DA:51,0
DA:57,0
DA:58,0
DA:66,0
DA:67,0
DA:68,0
DA:69,0
DA:70,0
DA:72,0
DA:74,0
DA:84,0
DA:88,0
DA:90,0
DA:92,0
DA:93,0
DA:97,0
DA:98,0
DA:100,0
DA:103,0
DA:110,0
DA:112,0
DA:113,0
DA:114,0
DA:115,0
DA:116,0
DA:117,0
DA:118,0
DA:130,0
DA:136,0
DA:139,0
DA:141,0
DA:142,0
DA:143,0
DA:146,0
DA:149,0
DA:154,0
DA:158,0
DA:162,0
DA:163,0
DA:164,0
DA:165,0
DA:166,0
DA:170,0
DA:171,0
DA:172,0
DA:173,0
DA:174,0
DA:176,0
LF:53
LH:0
end_of_record
TN:
SF:/home/marlonsc/mcb/crates/mcb-domain/src/registry/vector_store.rs
FN:50,VectorStoreProviderConfig::with_encryption
FNF:1
FNDA:0,VectorStoreProviderConfig::with_encryption
DA:50,0
DA:51,0
DA:52,0
DA:53,0
LF:4
LH:0
end_of_record
TN:
SF:/home/marlonsc/mcb/crates/mcb-domain/src/utils/analysis.rs
FN:32,compute_complexity_score
FN:44,extract_function_body
FN:71,count_balanced_block_lines
FN:106,is_exempt_symbol
FN:117,count_symbol_occurrences
FN:143,collect_functions
FN:170,filter_complex_functions
FN:193,detect_dead_functions
FN:218,compute_tdg_scores
FNF:9
FNDA:0,compute_complexity_score
FNDA:0,extract_function_body
FNDA:0,count_balanced_block_lines
FNDA:0,is_exempt_symbol
FNDA:0,count_symbol_occurrences
FNDA:0,collect_functions
FNDA:0,filter_complex_functions
FNDA:0,detect_dead_functions
FNDA:0,compute_tdg_scores
DA:32,0
DA:33,0
DA:34,0
DA:35,0
DA:36,0
DA:37,0
DA:44,0
DA:45,0
DA:46,0
DA:47,0
DA:49,0
DA:50,0
DA:51,0
DA:52,0
DA:53,0
DA:54,0
DA:56,0
DA:57,0
DA:58,0
DA:63,0
DA:65,0
DA:71,0
DA:76,0
DA:77,0
DA:79,0
DA:80,0
DA:82,0
DA:83,0
DA:85,0
DA:86,0
DA:89,0
DA:90,0
DA:91,0
DA:93,0
DA:94,0
DA:96,0
DA:97,0
DA:101,0
DA:106,0
DA:107,0
DA:117,0
DA:121,0
DA:122,0
DA:123,0
DA:124,0
DA:125,0
DA:126,0
DA:128,0
DA:130,0
DA:132,0
DA:143,0
DA:144,0
DA:145,0
DA:147,0
DA:148,0
DA:149,0
DA:150,0
DA:153,0
DA:154,0
DA:155,0
DA:156,0
DA:157,0
DA:158,0
DA:159,0
DA:165,0
DA:170,0
DA:174,0
DA:176,0
DA:177,0
DA:178,0
DA:179,0
DA:180,0
DA:193,0
DA:197,0
DA:198,0
DA:200,0
DA:201,0
DA:202,0
DA:203,0
DA:204,0
DA:205,0
DA:206,0
DA:207,0
DA:208,0
DA:210,0
DA:218,0
DA:224,0
DA:225,0
DA:226,0
DA:227,0
DA:230,0
DA:231,0
DA:232,0
DA:233,0
DA:237,0
DA:238,0
DA:239,0
DA:240,0
DA:241,0
DA:243,0
DA:244,0
DA:245,0
DA:247,0
DA:248,0
DA:249,0
DA:255,0
LF:106
LH:0
end_of_record
TN:
SF:/home/marlonsc/mcb/crates/mcb-domain/src/utils/project_type.rs
FN:8,project_name
FNF:1
FNDA:0,project_name
DA:8,0
DA:9,0
DA:10,0
DA:13,0
DA:14,0
LF:5
LH:0
end_of_record
TN:
SF:/home/marlonsc/mcb/crates/mcb-domain/src/utils/submodule.rs
FN:8,collection_name
FN:14,repo_id
FNF:2
FNDA:0,collection_name
FNDA:0,repo_id
DA:8,0
DA:9,0
DA:14,0
DA:15,0
LF:4
LH:0
end_of_record
TN:
SF:/home/marlonsc/mcb/crates/mcb-domain/src/utils/tests/assertions.rs
FN:12,assert_no_violations
FN:26,assert_has_violation_matching
FN:43,assert_no_violation_from_file
FN:60,assert_violations_exact
FNF:4
FNDA:0,assert_no_violations
FNDA:0,assert_has_violation_matching
FNDA:0,assert_no_violation_from_file
FNDA:0,assert_violations_exact
DA:12,0
DA:13,0
DA:14,0
DA:15,0
DA:16,0
DA:17,0
DA:18,0
DA:26,0
DA:31,0
DA:32,0
DA:33,0
DA:43,0
DA:44,0
DA:45,0
DA:46,0
DA:47,0
DA:48,0
DA:60,0
DA:65,0
DA:66,0
DA:68,0
DA:72,0
DA:74,0
DA:78,0
DA:79,0
DA:80,0
DA:81,0
DA:82,0
DA:83,0
DA:84,0
DA:86,0
DA:87,0
DA:92,0
DA:93,0
DA:94,0
DA:95,0
DA:96,0
DA:97,0
DA:98,0
DA:99,0
DA:101,0
DA:102,0
DA:107,0
DA:108,0
DA:109,0
DA:111,0
DA:112,0
DA:113,0
DA:115,0
DA:116,0
DA:117,0
DA:119,0
DA:120,0
DA:123,0
DA:124,0
DA:125,0
DA:127,0
DA:128,0
DA:131,0
DA:132,0
LF:60
LH:0
end_of_record
TN:
SF:/home/marlonsc/mcb/crates/mcb-domain/src/utils/tests/chunk_fixtures.rs
FN:9,create_test_chunk
FN:23,create_test_chunks
FNF:2
FNDA:0,create_test_chunk
FNDA:0,create_test_chunks
DA:9,0
DA:11,0
DA:12,0
DA:13,0
DA:15,0
DA:16,0
DA:17,0
DA:23,0
DA:25,0
DA:26,0
DA:27,0
DA:28,0
DA:29,0
LF:13
LH:0
end_of_record
TN:
SF:/home/marlonsc/mcb/crates/mcb-domain/src/utils/tests/collection.rs
FN:10,unique_collection
FNF:1
FNDA:0,unique_collection
DA:10,0
DA:11,0
DA:12,0
DA:13,0
LF:4
LH:0
end_of_record
TN:
SF:/home/marlonsc/mcb/crates/mcb-domain/src/utils/tests/fixtures/sample_codebase/di.rs
FNF:0
DA:146,0
DA:147,0
LF:2
LH:0
end_of_record
TN:
SF:/home/marlonsc/mcb/crates/mcb-domain/src/utils/tests/fixtures/sample_codebase/error.rs
FNF:0
DA:54,0
LF:1
LH:0
end_of_record
TN:
SF:/home/marlonsc/mcb/crates/mcb-domain/src/utils/tests/fs_scan.rs
FN:19,rust_files_under
FNF:1
FNDA:0,rust_files_under
DA:19,0
DA:45,0
DA:51,0
LF:3
LH:0
end_of_record
TN:
SF:/home/marlonsc/mcb/crates/mcb-domain/src/utils/tests/guards.rs
FN:38,EnvVarGuard::new
FNF:1
FNDA:0,EnvVarGuard::new
DA:38,0
DA:62,0
DA:63,0
DA:66,0
DA:95,0
DA:96,0
DA:126,0
DA:127,0
DA:128,0
LF:9
LH:0
end_of_record
TN:
SF:/home/marlonsc/mcb/crates/mcb-domain/src/utils/tests/http_mcp.rs
FN:18,header_value
FNF:1
FNDA:0,header_value
DA:18,0
DA:19,0
DA:20,0
DA:22,0
DA:23,0
DA:97,0
LF:6
LH:0
end_of_record
TN:
SF:/home/marlonsc/mcb/crates/mcb-domain/src/utils/tests/json_helpers.rs
FN:8,parse_json_text
FN:17,parse_json
FN:23,parse_count_from_json_text
FNF:3
FNDA:0,parse_json_text
FNDA:0,parse_json
FNDA:0,parse_count_from_json_text
DA:8,0
DA:9,0
DA:17,0
DA:18,0
DA:23,0
DA:24,0
DA:25,0
DA:26,0
LF:8
LH:0
end_of_record
TN:
SF:/home/marlonsc/mcb/crates/mcb-domain/src/utils/tests/mcp_assertions.rs
FN:13,error_text
FNF:1
FNDA:0,error_text
DA:13,0
DA:14,0
DA:15,0
DA:16,0
DA:32,0
DA:33,0
DA:53,0
DA:103,0
DA:114,0
DA:132,0
DA:133,0
DA:134,0
DA:135,0
DA:136,0
DA:137,0
DA:138,0
DA:139,0
DA:140,0
DA:141,0
DA:149,0
LF:20
LH:0
end_of_record
TN:
SF:/home/marlonsc/mcb/crates/mcb-domain/src/utils/tests/search_fixtures.rs
FN:9,create_test_search_result
FN:27,create_test_search_results
FNF:2
FNDA:0,create_test_search_result
FNDA:0,create_test_search_results
DA:9,0
DA:16,0
DA:17,0
DA:19,0
DA:21,0
DA:27,0
DA:29,0
DA:30,0
DA:31,0
DA:32,0
DA:33,0
DA:34,0
LF:12
LH:0
end_of_record
TN:
SF:/home/marlonsc/mcb/crates/mcb-domain/src/utils/tests/service_detection.rs
FN:11,check_service_available
FN:22,get_host_port_from_url
FN:32,is_service_available_from_config
FN:40,is_milvus_available
FN:46,is_ollama_available
FN:52,is_redis_available
FN:58,is_postgres_available
FN:64,is_ci
FN:70,should_run_docker_integration_tests
FNF:9
FNDA:0,check_service_available
FNDA:0,get_host_port_from_url
FNDA:0,is_service_available_from_config
FNDA:0,is_milvus_available
FNDA:0,is_ollama_available
FNDA:0,is_redis_available
FNDA:0,is_postgres_available
FNDA:0,is_ci
FNDA:0,should_run_docker_integration_tests
DA:11,0
DA:12,0
DA:13,0
DA:14,0
DA:15,0
DA:17,0
DA:22,0
DA:23,0
DA:24,0
DA:25,0
DA:26,0
DA:27,0
DA:28,0
DA:32,0
DA:33,0
DA:34,0
DA:35,0
DA:40,0
DA:41,0
DA:46,0
DA:47,0
DA:52,0
DA:53,0
DA:58,0
DA:59,0
DA:64,0
DA:65,0
DA:70,0
DA:71,0
DA:72,0
DA:73,0
DA:74,0
DA:75,0
DA:77,0
LF:34
LH:0
end_of_record
TN:
SF:/home/marlonsc/mcb/crates/mcb-domain/src/utils/tests/services_config.rs
FN:9,find_test_config_path
FN:29,test_services_table
FN:43,test_service_url
FN:55,required_test_service_url
FNF:4
FNDA:0,find_test_config_path
FNDA:0,test_services_table
FNDA:0,test_service_url
FNDA:0,required_test_service_url
DA:9,0
DA:10,0
DA:12,0
DA:13,0
DA:14,0
DA:17,0
DA:18,0
DA:19,0
DA:23,0
DA:29,0
DA:33,0
DA:34,0
DA:35,0
DA:36,0
DA:37,0
DA:43,0
DA:44,0
DA:45,0
DA:46,0
DA:47,0
DA:55,0
DA:56,0
LF:22
LH:0
end_of_record
TN:
SF:/home/marlonsc/mcb/crates/mcb-domain/src/utils/tests/sync_helpers.rs
FN:11,arc_mutex
FN:17,arc_mutex_vec
FN:27,arc_mutex_hashmap
FNF:3
FNDA:0,arc_mutex
FNDA:0,arc_mutex_vec
FNDA:0,arc_mutex_hashmap
DA:11,0
DA:12,0
DA:17,0
DA:18,0
DA:27,0
LF:5
LH:0
end_of_record
TN:
SF:/home/marlonsc/mcb/crates/mcb-domain/src/utils/tests/timeouts.rs
FN:15,eventually
FNF:1
FNDA:0,eventually
DA:15,0
DA:16,0
DA:17,0
DA:18,0
DA:20,0
DA:21,0
DA:23,0
LF:7
LH:0
end_of_record
TN:
SF:/home/marlonsc/mcb/crates/mcb-domain/src/utils/tests/utils.rs
FN:44,workspace_root
FN:85,create_test_project
FN:98,create_test_user
FN:113,create_test_phase
FN:130,create_test_issue
FN:158,create_test_agent_session
FN:181,create_test_tool_call
FN:196,create_test_checkpoint
FN:250,create_test_organization
FN:263,create_test_admin_user
FN:278,create_test_user_with
FN:293,create_test_team
FN:304,create_test_team_member
FN:316,create_test_api_key
FN:343,create_temp_codebase
FN:373,create_test_indexing_result
FNF:16
FNDA:0,workspace_root
FNDA:0,create_test_project
FNDA:0,create_test_user
FNDA:0,create_test_phase
FNDA:0,create_test_issue
FNDA:0,create_test_agent_session
FNDA:0,create_test_tool_call
FNDA:0,create_test_checkpoint
FNDA:0,create_test_organization
FNDA:0,create_test_admin_user
FNDA:0,create_test_user_with
FNDA:0,create_test_team
FNDA:0,create_test_team_member
FNDA:0,create_test_api_key
FNDA:0,create_temp_codebase
FNDA:0,create_test_indexing_result
DA:44,0
DA:45,0
DA:48,0
DA:49,0
DA:51,0
DA:85,0
DA:87,0
DA:88,0
DA:89,0
DA:90,0
DA:98,0
DA:100,0
DA:101,0
DA:102,0
DA:103,0
DA:113,0
DA:115,0
DA:116,0
DA:117,0
DA:118,0
DA:130,0
DA:132,0
DA:133,0
DA:134,0
DA:135,0
DA:137,0
DA:138,0
DA:143,0
DA:146,0
DA:147,0
DA:152,0
DA:158,0
DA:160,0
DA:161,0
DA:163,0
DA:169,0
DA:174,0
DA:181,0
DA:183,0
DA:184,0
DA:185,0
DA:186,0
DA:196,0
DA:198,0
DA:199,0
DA:201,0
DA:202,0
DA:250,0
DA:252,0
DA:253,0
DA:254,0
DA:255,0
DA:263,0
DA:265,0
DA:266,0
DA:267,0
DA:268,0
DA:278,0
DA:280,0
DA:281,0
DA:282,0
DA:283,0
DA:293,0
DA:295,0
DA:296,0
DA:297,0
DA:304,0
DA:306,0
DA:307,0
DA:308,0
DA:316,0
DA:318,0
DA:319,0
DA:320,0
DA:321,0
DA:322,0
DA:323,0
DA:343,0
DA:344,0
DA:345,0
DA:348,0
DA:354,0
DA:359,0
DA:360,0
DA:363,0
DA:368,0
DA:373,0
DA:379,0
DA:388,0
LF:89
LH:0
end_of_record
TN:
SF:/home/marlonsc/mcb/crates/mcb-domain/src/utils/text.rs
FN:11,extract_text_with_sep
FN:29,extract_text
FNF:2
FNDA:0,extract_text_with_sep
FNDA:0,extract_text
DA:11,0
DA:12,0
DA:14,0
DA:15,0
DA:16,0
DA:17,0
DA:18,0
DA:20,0
DA:24,0
DA:29,0
DA:30,0
LF:11
LH:0
end_of_record
TN:
SF:/home/marlonsc/mcb/crates/mcb-domain/src/value_objects/browse/collection.rs
FN:34,CollectionInfo::new
FNF:1
FNDA:0,CollectionInfo::new
DA:34,0
DA:36,0
DA:41,0
LF:3
LH:0
end_of_record
TN:
SF:/home/marlonsc/mcb/crates/mcb-domain/src/value_objects/browse/file.rs
FN:28,FileInfo::new
FNF:1
FNDA:0,FileInfo::new
DA:28,0
DA:30,0
LF:2
LH:0
end_of_record
TN:
SF:/home/marlonsc/mcb/crates/mcb-domain/src/value_objects/browse/highlight.rs
FN:75,HighlightedCode::new
FNF:1
FNDA:0,HighlightedCode::new
DA:75,0
LF:1
LH:0
end_of_record
TN:
SF:/home/marlonsc/mcb/crates/mcb-domain/src/value_objects/browse/renderer.rs
FN:39,HtmlRenderer::render
FNF:1
FNDA:0,HtmlRenderer::render
DA:39,0
LF:1
LH:0
end_of_record
TN:
SF:/home/marlonsc/mcb/crates/mcb-domain/src/value_objects/browse/tree.rs
FN:34,FileTreeNode::file
FN:44,FileTreeNode::directory
FN:57,FileTreeNode::with_child
FN:64,FileTreeNode::sorted
FN:70,FileTreeNode::sort_children
FN:82,FileTreeNode::traverse
FN:91,FileTreeNode::to_ansi
FN:97,FileTreeNode::format_ansi
FN:124,FileTreeNode::to_html
FN:130,FileTreeNode::format_html
FN:160,html_escape
FNF:11
FNDA:0,FileTreeNode::file
FNDA:0,FileTreeNode::directory
FNDA:0,FileTreeNode::with_child
FNDA:0,FileTreeNode::sorted
FNDA:0,FileTreeNode::sort_children
FNDA:0,FileTreeNode::traverse
FNDA:0,FileTreeNode::to_ansi
FNDA:0,FileTreeNode::format_ansi
FNDA:0,FileTreeNode::to_html
FNDA:0,FileTreeNode::format_html
FNDA:0,html_escape
DA:34,0
DA:35,0
DA:37,0
DA:38,0
DA:39,0
DA:44,0
DA:46,0
DA:47,0
DA:49,0
DA:57,0
DA:58,0
DA:59,0
DA:64,0
DA:65,0
DA:66,0
DA:70,0
DA:71,0
DA:72,0
DA:73,0
DA:74,0
DA:76,0
DA:77,0
DA:82,0
DA:83,0
DA:84,0
DA:85,0
DA:91,0
DA:92,0
DA:93,0
DA:94,0
DA:97,0
DA:98,0
DA:99,0
DA:100,0
DA:102,0
DA:103,0
DA:104,0
DA:105,0
DA:106,0
DA:108,0
DA:110,0
DA:112,0
DA:114,0
DA:116,0
DA:117,0
DA:118,0
DA:124,0
DA:125,0
DA:126,0
DA:127,0
DA:130,0
DA:131,0
DA:132,0
DA:134,0
DA:135,0
DA:136,0
DA:137,0
DA:138,0
DA:140,0
DA:142,0
DA:145,0
DA:146,0
DA:147,0
DA:148,0
DA:150,0
DA:151,0
DA:153,0
DA:154,0
DA:160,0
DA:161,0
LF:70
LH:0
end_of_record
TN:
SF:/home/marlonsc/mcb/crates/mcb-domain/src/value_objects/config.rs
FN:37,<impl Debug for EmbeddingConfig>::fmt
FN:70,<impl Debug for VectorStoreConfig>::fmt
FN:103,<impl Debug for CacheConfig>::fmt
FNF:3
FNDA:0,<impl Debug for EmbeddingConfig>::fmt
FNDA:0,<impl Debug for VectorStoreConfig>::fmt
FNDA:0,<impl Debug for CacheConfig>::fmt
DA:37,0
DA:38,0
DA:39,0
DA:40,0
DA:41,0
DA:42,0
DA:43,0
DA:44,0
DA:70,0
DA:71,0
DA:72,0
DA:73,0
DA:74,0
DA:75,0
DA:76,0
DA:77,0
DA:103,0
DA:104,0
DA:105,0
DA:106,0
DA:107,0
DA:108,0
DA:109,0
DA:110,0
LF:24
LH:0
end_of_record
TN:
SF:/home/marlonsc/mcb/crates/mcb-domain/src/value_objects/org_context.rs
FN:25,OrgContext::new
FN:31,OrgContext::id_str
FN:37,<impl Default for OrgContext>::default
FNF:3
FNDA:0,OrgContext::new
FNDA:0,OrgContext::id_str
FNDA:0,<impl Default for OrgContext>::default
DA:25,0
DA:31,0
DA:32,0
DA:37,0
DA:39,0
DA:40,0
LF:6
LH:0
end_of_record
TN:
SF:/home/marlonsc/mcb/crates/mcb-domain/src/value_objects/project_context.rs
FN:30,ProjectContext::new
FN:44,parse_owner_repo
FN:66,normalize_owner_repo
FNF:3
FNDA:0,ProjectContext::new
FNDA:0,parse_owner_repo
FNDA:0,normalize_owner_repo
DA:30,0
DA:31,0
DA:32,0
DA:33,0
DA:44,0
DA:46,0
DA:47,0
DA:48,0
DA:52,0
DA:55,0
DA:56,0
DA:57,0
DA:58,0
DA:66,0
DA:67,0
DA:68,0
DA:69,0
DA:70,0
DA:71,0
DA:73,0
LF:20
LH:0
end_of_record
TN:
SF:/home/marlonsc/mcb/crates/mcb-domain/src/value_objects/types.rs
FN:71,SupportedLanguage::from_extension
FN:97,SupportedLanguage::from_path
FN:105,SupportedLanguage::as_str
FNF:3
FNDA:0,SupportedLanguage::from_extension
FNDA:0,SupportedLanguage::from_path
FNDA:0,SupportedLanguage::as_str
DA:71,0
DA:72,0
DA:73,0
DA:74,0
DA:75,0
DA:76,0
DA:77,0
DA:78,0
DA:79,0
DA:80,0
DA:81,0
DA:82,0
DA:83,0
DA:84,0
DA:85,0
DA:86,0
DA:97,0
DA:98,0
DA:99,0
DA:100,0
DA:105,0
DA:106,0
DA:107,0
DA:108,0
DA:109,0
DA:110,0
DA:111,0
DA:112,0
DA:113,0
DA:114,0
DA:115,0
DA:116,0
DA:117,0
DA:118,0
DA:119,0
LF:35
LH:0
end_of_record
TN:
SF:/home/marlonsc/mcb/crates/mcb-infrastructure/src/services/indexing_service/progress.rs
FNF:0
DA:53,0
DA:54,0
DA:55,0
LF:3
LH:0
end_of_record
TN:
SF:/home/marlonsc/mcb/crates/mcb-providers/src/database/seaorm/constraints.rs
FNF:0
DA:142,0
DA:143,0
DA:144,0
DA:145,0
DA:149,0
DA:150,0
DA:151,0
DA:152,0
DA:156,0
DA:157,0
DA:158,0
DA:159,0
DA:170,0
DA:171,0
DA:172,0
DA:173,0
DA:185,0
DA:186,0
DA:187,0
DA:188,0
DA:192,0
DA:193,0
DA:194,0
DA:195,0
DA:207,0
DA:208,0
DA:209,0
DA:210,0
DA:212,0
DA:213,0
DA:214,0
DA:216,0
DA:244,0
DA:245,0
DA:246,0
DA:247,0
DA:249,0
LF:37
LH:0
end_of_record
TN:
SF:/home/marlonsc/mcb/crates/mcb-providers/src/database/seaorm/dashboard.rs
FNF:0
DA:26,0
LF:1
LH:0
end_of_record
TN:
SF:/home/marlonsc/mcb/crates/mcb-providers/src/database/seaorm/repos/observation.rs
FNF:0
DA:35,0
DA:36,0
DA:37,0
LF:3
LH:0
end_of_record
TN:
SF:/home/marlonsc/mcb/crates/mcb-providers/src/language/common/config.rs
FNF:0
DA:155,0
DA:156,0
DA:157,0
LF:3
LH:0
end_of_record
TN:
SF:/home/marlonsc/mcb/crates/mcb-providers/src/language/common/processor.rs
FN:46,LanguageProcessor::get_language
FNF:1
FNDA:0,LanguageProcessor::get_language
DA:46,0
DA:47,0
LF:2
LH:0
end_of_record
TN:
SF:/home/marlonsc/mcb/crates/mcb-providers/src/language/common/traverser.rs
FN:47,AstTraverser<'a>::new
FN:57,AstTraverser<'a>::with_max_chunks
FN:72,AstTraverser<'a>::traverse_and_extract
FN:119,AstTraverser<'a>::extract_node_content
FN:140,AstTraverser<'a>::extract_node_with_context
FN:170,AstTraverser<'a>::try_extract_chunk
FN:201,AstTraverser<'a>::create_chunk_from_node
FNF:7
FNDA:0,AstTraverser<'a>::new
FNDA:0,AstTraverser<'a>::with_max_chunks
FNDA:0,AstTraverser<'a>::traverse_and_extract
FNDA:0,AstTraverser<'a>::extract_node_content
FNDA:0,AstTraverser<'a>::extract_node_with_context
FNDA:0,AstTraverser<'a>::try_extract_chunk
FNDA:0,AstTraverser<'a>::create_chunk_from_node
DA:47,0
DA:57,0
DA:58,0
DA:59,0
DA:72,0
DA:73,0
DA:76,0
DA:77,0
DA:78,0
DA:81,0
DA:82,0
DA:83,0
DA:90,0
DA:92,0
DA:93,0
DA:94,0
DA:95,0
DA:101,0
DA:102,0
DA:103,0
DA:105,0
DA:106,0
DA:109,0
DA:113,0
DA:114,0
DA:119,0
DA:120,0
DA:121,0
DA:123,0
DA:124,0
DA:127,0
DA:128,0
DA:129,0
DA:132,0
DA:140,0
DA:141,0
DA:143,0
DA:144,0
DA:147,0
DA:148,0
DA:149,0
DA:152,0
DA:153,0
DA:154,0
DA:156,0
DA:157,0
DA:159,0
DA:161,0
DA:170,0
DA:171,0
DA:173,0
DA:176,0
DA:177,0
DA:178,0
DA:183,0
DA:184,0
DA:185,0
DA:186,0
DA:187,0
DA:189,0
DA:192,0
DA:193,0
DA:195,0
DA:198,0
DA:201,0
DA:202,0
DA:203,0
DA:206,0
DA:215,0
DA:216,0
DA:217,0
DA:218,0
DA:219,0
DA:220,0
LF:74
LH:0
end_of_record
TN:
SF:/home/marlonsc/mcb/crates/mcb-providers/src/project_detection/common.rs
FNF:0
DA:39,0
DA:47,0
LF:2
LH:0
end_of_record
TN:
SF:/home/marlonsc/mcb/crates/mcb-providers/src/utils/embedding.rs
FNF:0
DA:127,0
DA:128,0
DA:131,0
DA:132,0
DA:134,0
DA:135,0
DA:136,0
DA:139,0
DA:140,0
DA:141,0
DA:142,0
DA:143,0
DA:147,0
LF:13
LH:0
end_of_record
TN:
SF:/home/marlonsc/mcb/crates/mcb-providers/src/vector_store/edgevec/mod.rs
FN:116,EdgeVecVectorStoreProvider::send_message
FN:128,EdgeVecVectorStoreProvider::send_core
FN:134,EdgeVecVectorStoreProvider::send_query
FN:140,EdgeVecVectorStoreProvider::send_browse
FNF:4
FNDA:0,EdgeVecVectorStoreProvider::send_message
FNDA:0,EdgeVecVectorStoreProvider::send_core
FNDA:0,EdgeVecVectorStoreProvider::send_query
FNDA:0,EdgeVecVectorStoreProvider::send_browse
DA:116,0
DA:117,0
DA:118,0
DA:119,0
DA:120,0
DA:121,0
DA:122,0
DA:128,0
DA:134,0
DA:140,0
LF:10
LH:0
end_of_record
TN:
SF:/home/marlonsc/mcb/crates/mcb-providers/src/vector_store/encrypted.rs
FN:63,EncryptedVectorStoreProvider<P>::new
FN:68,EncryptedVectorStoreProvider<P>::inner
FN:73,EncryptedVectorStoreProvider<P>::crypto
FN:78,EncryptedVectorStoreProvider<P>::encrypt_metadata
FN:119,<impl VectorStoreAdmin for EncryptedVectorStoreProvider<P>>::collection_exists
FN:123,<impl VectorStoreAdmin for EncryptedVectorStoreProvider<P>>::get_stats
FN:133,<impl VectorStoreAdmin for EncryptedVectorStoreProvider<P>>::flush
FN:137,<impl VectorStoreAdmin for EncryptedVectorStoreProvider<P>>::provider_name
FN:144,<impl VectorStoreBrowser for EncryptedVectorStoreProvider<P>>::list_collections
FN:153,<impl VectorStoreBrowser for EncryptedVectorStoreProvider<P>>::list_file_paths
FN:161,<impl VectorStoreBrowser for EncryptedVectorStoreProvider<P>>::get_chunks_by_file
FN:167,<impl VectorStoreProvider for EncryptedVectorStoreProvider<P>>::create_collection
FN:171,<impl VectorStoreProvider for EncryptedVectorStoreProvider<P>>::delete_collection
FN:181,<impl VectorStoreProvider for EncryptedVectorStoreProvider<P>>::insert_vectors
FN:208,<impl VectorStoreProvider for EncryptedVectorStoreProvider<P>>::search_similar
FN:213,<impl VectorStoreProvider for EncryptedVectorStoreProvider<P>>::delete_vectors
FN:223,<impl VectorStoreProvider for EncryptedVectorStoreProvider<P>>::get_vectors_by_ids
FN:232,<impl VectorStoreProvider for EncryptedVectorStoreProvider<P>>::list_vectors
FNF:18
FNDA:0,EncryptedVectorStoreProvider<P>::new
FNDA:0,EncryptedVectorStoreProvider<P>::inner
FNDA:0,EncryptedVectorStoreProvider<P>::crypto
FNDA:0,EncryptedVectorStoreProvider<P>::encrypt_metadata
FNDA:0,<impl VectorStoreAdmin for EncryptedVectorStoreProvider<P>>::collection_exists
FNDA:0,<impl VectorStoreAdmin for EncryptedVectorStoreProvider<P>>::get_stats
FNDA:0,<impl VectorStoreAdmin for EncryptedVectorStoreProvider<P>>::flush
FNDA:0,<impl VectorStoreAdmin for EncryptedVectorStoreProvider<P>>::provider_name
FNDA:0,<impl VectorStoreBrowser for EncryptedVectorStoreProvider<P>>::list_collections
FNDA:0,<impl VectorStoreBrowser for EncryptedVectorStoreProvider<P>>::list_file_paths
FNDA:0,<impl VectorStoreBrowser for EncryptedVectorStoreProvider<P>>::get_chunks_by_file
FNDA:0,<impl VectorStoreProvider for EncryptedVectorStoreProvider<P>>::create_collection
FNDA:0,<impl VectorStoreProvider for EncryptedVectorStoreProvider<P>>::delete_collection
FNDA:0,<impl VectorStoreProvider for EncryptedVectorStoreProvider<P>>::insert_vectors
FNDA:0,<impl VectorStoreProvider for EncryptedVectorStoreProvider<P>>::search_similar
FNDA:0,<impl VectorStoreProvider for EncryptedVectorStoreProvider<P>>::delete_vectors
FNDA:0,<impl VectorStoreProvider for EncryptedVectorStoreProvider<P>>::get_vectors_by_ids
FNDA:0,<impl VectorStoreProvider for EncryptedVectorStoreProvider<P>>::list_vectors
DA:63,0
DA:68,0
DA:69,0
DA:73,0
DA:74,0
DA:78,0
DA:80,0
DA:81,0
DA:82,0
DA:85,0
DA:87,0
DA:88,0
DA:89,0
DA:90,0
DA:91,0
DA:92,0
DA:97,0
DA:98,0
DA:99,0
DA:100,0
DA:102,0
DA:103,0
DA:106,0
DA:107,0
DA:108,0
DA:110,0
DA:113,0
DA:119,0
DA:120,0
DA:123,0
DA:124,0
DA:125,0
DA:126,0
DA:127,0
DA:128,0
DA:130,0
DA:133,0
DA:134,0
DA:137,0
DA:138,0
DA:144,0
DA:145,0
DA:153,0
DA:161,0
DA:167,0
DA:168,0
DA:171,0
DA:172,0
DA:181,0
DA:182,0
DA:183,0
DA:188,0
DA:190,0
DA:193,0
DA:194,0
DA:195,0
DA:208,0
DA:209,0
DA:210,0
DA:213,0
DA:214,0
DA:223,0
DA:232,0
LF:63
LH:0
end_of_record
TN:
SF:/home/marlonsc/mcb/crates/mcb-providers/src/vector_store/milvus/mod.rs
FNF:0
DA:62,0
DA:63,0
LF:2
LH:0
end_of_record
TN:
SF:/home/marlonsc/mcb/crates/mcb-providers/src/vector_store/milvus/schema.rs
FN:23,extract_field
FNF:1
FNDA:0,extract_field
DA:23,0
DA:25,0
DA:26,0
DA:27,0
DA:28,0
DA:29,0
DA:30,0
LF:7
LH:0
end_of_record
TN:
SF:/home/marlonsc/mcb/crates/mcb-providers/src/vector_store/pinecone/mod.rs
FNF:0
DA:109,0
DA:110,0
DA:111,0
LF:3
LH:0
end_of_record
TN:
SF:/home/marlonsc/mcb/crates/mcb-server/examples/server_schema_inspection.rs
FN:12,write_schema
FNF:1
FNDA:0,write_schema
DA:12,0
DA:13,0
DA:14,0
DA:15,0
LF:4
LH:0
end_of_record
TN:
SF:/home/marlonsc/mcb/crates/mcb-server/src/error_mapping/groups.rs
FN:7,format_error
FNF:1
FNDA:0,format_error
DA:7,0
DA:8,0
LF:2
LH:0
end_of_record
TN:
SF:/home/marlonsc/mcb/crates/mcb-server/src/error_mapping.rs
FNF:0
DA:45,0
DA:46,0
DA:47,0
DA:48,0
DA:49,0
DA:51,0
LF:6
LH:0
end_of_record
TN:
SF:/home/marlonsc/mcb/crates/mcb-server/src/formatter.rs
FNF:0
DA:85,0
DA:86,0
DA:239,0
DA:240,0
DA:241,0
DA:242,0
DA:243,0
DA:244,0
DA:245,0
DA:246,0
DA:247,0
DA:248,0
DA:249,0
DA:250,0
LF:14
LH:0
end_of_record
TN:
SF:/home/marlonsc/mcb/crates/mcb-server/src/handlers/entities/common.rs
FNF:0
DA:163,0
DA:164,0
DA:165,0
DA:166,0
LF:4
LH:0
end_of_record
TN:
SF:/home/marlonsc/mcb/crates/mcb-server/src/handlers/memory/common.rs
FNF:0
DA:126,0
DA:128,0
DA:129,0
DA:130,0
DA:131,0
DA:132,0
DA:134,0
DA:135,0
DA:136,0
DA:137,0
DA:138,0
DA:139,0
DA:141,0
DA:142,0
DA:143,0
DA:144,0
DA:147,0
LF:17
LH:0
end_of_record
TN:
SF:/home/marlonsc/mcb/crates/mcb-server/src/handlers/validate.rs
FNF:0
DA:127,0
DA:129,0
LF:2
LH:0
end_of_record
TN:
SF:/home/marlonsc/mcb/crates/mcb-server/src/hooks/types.rs
FNF:0
DA:115,0
DA:116,0
DA:117,0
DA:122,0
DA:123,0
DA:124,0
LF:6
LH:0
end_of_record
TN:
SF:/home/marlonsc/mcb/crates/mcb-server/src/tools/registry.rs
FN:75,parse_args
FNF:1
FNDA:0,parse_args
DA:75,0
DA:76,0
DA:77,0
DA:79,0
DA:80,0
DA:81,0
DA:82,0
DA:83,0
LF:8
LH:0
end_of_record
TN:
SF:/home/marlonsc/mcb/crates/mcb-server/src/transport/http_client.rs
FNF:0
DA:182,0
DA:183,0
DA:184,0
DA:185,0
DA:187,0
LF:5
LH:0
end_of_record
TN:
SF:/home/marlonsc/mcb/crates/mcb-server/src/utils/mcp.rs
FNF:0
DA:32,0
DA:33,0
DA:34,0
DA:35,0
DA:47,0
DA:48,0
DA:405,0
DA:406,0
DA:413,0
DA:414,0
DA:425,0
LF:11
LH:0
end_of_record
TN:
SF:/home/marlonsc/mcb/crates/mcb-utils/src/utils/fs.rs
FN:9,read_entries
FN:15,read_file_type
FN:25,has_matching_extension
FN:36,find_files_by_extensions
FNF:4
FNDA:0,read_entries
FNDA:0,read_file_type
FNDA:0,has_matching_extension
FNDA:0,find_files_by_extensions
DA:9,0
DA:10,0
DA:11,0
DA:15,0
DA:16,0
DA:17,0
DA:19,0
DA:25,0
DA:26,0
DA:27,0
DA:28,0
DA:36,0
DA:40,0
DA:41,0
DA:44,0
DA:45,0
DA:47,0
DA:48,0
DA:50,0
DA:51,0
DA:52,0
DA:54,0
DA:58,0
DA:59,0
DA:61,0
DA:62,0
DA:66,0
DA:67,0
DA:72,0
LF:29
LH:0
end_of_record
TN:
SF:/home/marlonsc/mcb/crates/mcb-utils/src/utils/id.rs
FN:14,generate
FN:20,deterministic
FN:30,correlate_id
FN:36,compute_content_hash
FN:44,mask_id
FN:57,compute_file_hash
FNF:6
FNDA:0,generate
FNDA:0,deterministic
FNDA:0,correlate_id
FNDA:0,compute_content_hash
FNDA:0,mask_id
FNDA:0,compute_file_hash
DA:14,0
DA:15,0
DA:20,0
DA:21,0
DA:22,0
DA:30,0
DA:31,0
DA:36,0
DA:37,0
DA:38,0
DA:39,0
DA:44,0
DA:45,0
DA:46,0
DA:48,0
DA:57,0
DA:58,0
DA:59,0
DA:60,0
DA:61,0
DA:62,0
DA:64,0
DA:65,0
DA:66,0
DA:67,0
DA:70,0
DA:72,0
LF:27
LH:0
end_of_record
TN:
SF:/home/marlonsc/mcb/crates/mcb-utils/src/utils/naming.rs
FN:10,is_camel_case
FN:33,is_valid_snake_case
FN:56,is_snake_case
FN:62,is_screaming_snake_case
FN:68,get_suffix
FN:78,split_camel_case
FNF:6
FNDA:0,is_camel_case
FNDA:0,is_valid_snake_case
FNDA:0,is_snake_case
FNDA:0,is_screaming_snake_case
FNDA:0,get_suffix
FNDA:0,split_camel_case
DA:10,0
DA:11,0
DA:12,0
DA:16,0
DA:17,0
DA:19,0
DA:20,0
DA:24,0
DA:25,0
DA:29,0
DA:33,0
DA:34,0
DA:35,0
DA:39,0
DA:40,0
DA:41,0
DA:43,0
DA:45,0
DA:46,0
DA:51,0
DA:56,0
DA:57,0
DA:62,0
DA:63,0
DA:68,0
DA:69,0
DA:70,0
DA:72,0
DA:78,0
DA:79,0
DA:80,0
DA:81,0
DA:82,0
DA:83,0
DA:84,0
DA:86,0
DA:89,0
DA:90,0
DA:92,0
LF:39
LH:0
end_of_record
TN:
SF:/home/marlonsc/mcb/crates/mcb-utils/src/utils/path.rs
FN:17,workspace_relative_path
FN:27,strict_strip_prefix
FN:44,path_to_utf8_string
FN:60,strict_canonicalize
FNF:4
FNDA:0,workspace_relative_path
FNDA:0,strict_strip_prefix
FNDA:0,path_to_utf8_string
FNDA:0,strict_canonicalize
DA:17,0
DA:18,0
DA:19,0
DA:27,0
DA:28,0
DA:29,0
DA:30,0
DA:31,0
DA:33,0
DA:34,0
DA:44,0
DA:45,0
DA:46,0
DA:48,0
DA:51,0
DA:60,0
DA:61,0
DA:62,0
LF:18
LH:0
end_of_record
TN:
SF:/home/marlonsc/mcb/crates/mcb-utils/src/utils/range.rs
FN:13,lines_overlap
FNF:1
FNDA:0,lines_overlap
DA:13,0
DA:14,0
LF:2
LH:0
end_of_record
TN:
SF:/home/marlonsc/mcb/crates/mcb-utils/src/utils/retry.rs
FNF:0
DA:43,0
DA:45,0
DA:46,0
DA:47,0
DA:48,0
DA:49,0
DA:50,0
DA:53,0
LF:8
LH:0
end_of_record
TN:
SF:/home/marlonsc/mcb/crates/mcb-utils/src/utils/sensitivity.rs
FN:14,<impl Debug for Sensitive<T>>::fmt
FN:20,<impl Display for Sensitive<T>>::fmt
FNF:2
FNDA:0,<impl Debug for Sensitive<T>>::fmt
FNDA:0,<impl Display for Sensitive<T>>::fmt
DA:14,0
DA:15,0
DA:20,0
DA:21,0
LF:4
LH:0
end_of_record
TN:
SF:/home/marlonsc/mcb/crates/mcb-utils/src/utils/time.rs
FN:15,epoch_secs_i64
FN:28,epoch_secs_u64
FN:42,epoch_nanos_u128
FNF:3
FNDA:0,epoch_secs_i64
FNDA:0,epoch_secs_u64
FNDA:0,epoch_nanos_u128
DA:15,0
DA:16,0
DA:17,0
DA:18,0
DA:19,0
DA:20,0
DA:28,0
DA:29,0
DA:30,0
DA:31,0
DA:32,0
DA:42,0
DA:43,0
DA:44,0
DA:45,0
DA:46,0
LF:16
LH:0
end_of_record
TN:
SF:/home/marlonsc/mcb/crates/mcb-utils/src/utils/vcs_context.rs
FN:18,VcsContext::new
FN:40,capture_vcs_context
FNF:2
FNDA:0,VcsContext::new
FNDA:0,capture_vcs_context
DA:18,0
DA:40,0
DA:42,0
DA:43,0
DA:44,0
DA:45,0
DA:46,0
DA:47,0
DA:48,0
DA:49,0
DA:50,0
DA:51,0
DA:52,0
DA:53,0
DA:55,0
DA:58,0
DA:60,0
DA:61,0
DA:62,0
DA:63,0
DA:64,0
DA:65,0
DA:66,0
DA:68,0
DA:72,0
LF:25
LH:0
end_of_record
TN:
SF:/home/marlonsc/mcb/crates/mcb-validate/src/ast/decoder.rs
FN:20,AstDecoder::decode_tree
FN:26,AstDecoder::decode_node
FN:52,AstDecoder::is_noise_node
FN:74,AstDecoder::decode_span
FN:95,AstDecoder::extract_name
FN:103,AstDecoder::extract_identifier_name
FN:122,AstDecoder::extract_string_literal
FN:134,AstDecoder::extract_type_name
FN:145,AstDecoder::extract_metadata
FN:175,AstDecoder::extract_function_metadata
FN:198,AstDecoder::count_function_parameters
FN:212,AstDecoder::is_async_function
FN:225,AstDecoder::has_return_type
FNF:13
FNDA:0,AstDecoder::decode_tree
FNDA:0,AstDecoder::decode_node
FNDA:0,AstDecoder::is_noise_node
FNDA:0,AstDecoder::decode_span
FNDA:0,AstDecoder::extract_name
FNDA:0,AstDecoder::extract_identifier_name
FNDA:0,AstDecoder::extract_string_literal
FNDA:0,AstDecoder::extract_type_name
FNDA:0,AstDecoder::extract_metadata
FNDA:0,AstDecoder::extract_function_metadata
FNDA:0,AstDecoder::count_function_parameters
FNDA:0,AstDecoder::is_async_function
FNDA:0,AstDecoder::has_return_type
DA:20,0
DA:21,0
DA:26,0
DA:27,0
DA:28,0
DA:29,0
DA:31,0
DA:32,0
DA:33,0
DA:35,0
DA:36,0
DA:40,0
DA:52,0
DA:53,0
DA:54,0
DA:74,0
DA:75,0
DA:76,0
DA:77,0
DA:78,0
DA:81,0
DA:86,0
DA:95,0
DA:97,0
DA:98,0
DA:99,0
DA:103,0
DA:105,0
DA:106,0
DA:107,0
DA:108,0
DA:109,0
DA:114,0
DA:115,0
DA:117,0
DA:122,0
DA:123,0
DA:124,0
DA:126,0
DA:129,0
DA:134,0
DA:135,0
DA:136,0
DA:137,0
DA:138,0
DA:141,0
DA:145,0
DA:146,0
DA:149,0
DA:150,0
DA:151,0
DA:152,0
DA:155,0
DA:156,0
DA:160,0
DA:161,0
DA:162,0
DA:163,0
DA:165,0
DA:166,0
DA:171,0
DA:175,0
DA:181,0
DA:182,0
DA:185,0
DA:186,0
DA:189,0
DA:190,0
DA:193,0
DA:194,0
DA:198,0
DA:199,0
DA:200,0
DA:202,0
DA:203,0
DA:204,0
DA:208,0
DA:212,0
DA:213,0
DA:215,0
DA:216,0
DA:217,0
DA:221,0
DA:225,0
DA:226,0
DA:228,0
DA:229,0
DA:230,0
DA:234,0
LF:89
LH:0
end_of_record
TN:
SF:/home/marlonsc/mcb/crates/mcb-validate/src/ast/query.rs
FN:86,AstQuery::new
FN:98,AstQuery::with_condition
FN:105,AstQuery::execute
FN:127,AstQuery::matches_node
FN:144,AstQuery::check_condition
FN:172,AstQuery::check_custom_condition
FN:194,AstQuery::has_no_docstring
FN:218,AstQueryBuilder::new
FN:230,AstQueryBuilder::with_condition
FN:237,AstQueryBuilder::message
FN:244,AstQueryBuilder::severity
FN:251,AstQueryBuilder::build
FN:263,function_node_type
FN:273,call_node_type
FN:286,AstQueryPatterns::undocumented_functions
FN:300,AstQueryPatterns::unwrap_usage
FN:318,AstQueryPatterns::async_functions
FNF:17
FNDA:0,AstQuery::new
FNDA:0,AstQuery::with_condition
FNDA:0,AstQuery::execute
FNDA:0,AstQuery::matches_node
FNDA:0,AstQuery::check_condition
FNDA:0,AstQuery::check_custom_condition
FNDA:0,AstQuery::has_no_docstring
FNDA:0,AstQueryBuilder::new
FNDA:0,AstQueryBuilder::with_condition
FNDA:0,AstQueryBuilder::message
FNDA:0,AstQueryBuilder::severity
FNDA:0,AstQueryBuilder::build
FNDA:0,function_node_type
FNDA:0,call_node_type
FNDA:0,AstQueryPatterns::undocumented_functions
FNDA:0,AstQueryPatterns::unwrap_usage
FNDA:0,AstQueryPatterns::async_functions
DA:86,0
DA:88,0
DA:89,0
DA:90,0
DA:91,0
DA:92,0
DA:98,0
DA:99,0
DA:100,0
DA:105,0
DA:106,0
DA:108,0
DA:109,0
DA:110,0
DA:111,0
DA:112,0
DA:113,0
DA:114,0
DA:119,0
DA:120,0
DA:123,0
DA:127,0
DA:129,0
DA:130,0
DA:134,0
DA:135,0
DA:136,0
DA:140,0
DA:144,0
DA:145,0
DA:146,0
DA:148,0
DA:149,0
DA:150,0
DA:151,0
DA:152,0
DA:153,0
DA:155,0
DA:156,0
DA:158,0
DA:159,0
DA:161,0
DA:162,0
DA:164,0
DA:165,0
DA:167,0
DA:172,0
DA:174,0
DA:175,0
DA:178,0
DA:180,0
DA:183,0
DA:185,0
DA:188,0
DA:189,0
DA:194,0
DA:198,0
DA:200,0
DA:201,0
DA:202,0
DA:218,0
DA:220,0
DA:221,0
DA:222,0
DA:223,0
DA:224,0
DA:230,0
DA:231,0
DA:232,0
DA:237,0
DA:238,0
DA:239,0
DA:244,0
DA:245,0
DA:246,0
DA:251,0
DA:253,0
DA:254,0
DA:255,0
DA:256,0
DA:257,0
DA:263,0
DA:265,0
DA:266,0
DA:267,0
DA:268,0
DA:273,0
DA:275,0
DA:276,0
DA:286,0
DA:287,0
DA:289,0
DA:290,0
DA:291,0
DA:300,0
DA:301,0
DA:303,0
DA:304,0
DA:305,0
DA:306,0
DA:308,0
DA:309,0
DA:318,0
DA:319,0
DA:321,0
DA:322,0
DA:323,0
LF:107
LH:0
end_of_record
TN:
SF:/home/marlonsc/mcb/crates/mcb-validate/src/ast/rca_helpers.rs
FN:25,parse_file_spaces
FN:36,parse_file_spaces_raw
FN:61,visit_spaces
FN:68,collect_spaces_of_kind
FNF:4
FNDA:0,parse_file_spaces
FNDA:0,parse_file_spaces_raw
FNDA:0,visit_spaces
FNDA:0,collect_spaces_of_kind
DA:17,0
DA:25,0
DA:27,0
DA:28,0
DA:31,0
DA:36,0
DA:37,0
DA:38,0
DA:48,0
DA:49,0
DA:50,0
DA:56,0
DA:61,0
DA:62,0
DA:63,0
DA:68,0
DA:73,0
DA:74,0
DA:75,0
DA:76,0
DA:94,0
DA:101,0
DA:102,0
DA:103,0
DA:105,0
DA:106,0
DA:110,0
DA:111,0
DA:112,0
DA:114,0
DA:115,0
DA:116,0
DA:118,0
LF:33
LH:0
end_of_record
TN:
SF:/home/marlonsc/mcb/crates/mcb-validate/src/ast/selector_engine.rs
FN:23,AstSelectorEngine::execute
FN:49,AstSelectorEngine::execute_on_source
FN:89,AstSelectorEngine::parse_ast
FN:97,AstSelectorEngine::tree_sitter_language
FN:111,AstSelectorEngine::selector_matches_file_language
FN:137,AstSelectorEngine::violation_message
FNF:6
FNDA:0,AstSelectorEngine::execute
FNDA:0,AstSelectorEngine::execute_on_source
FNDA:0,AstSelectorEngine::parse_ast
FNDA:0,AstSelectorEngine::tree_sitter_language
FNDA:0,AstSelectorEngine::selector_matches_file_language
FNDA:0,AstSelectorEngine::violation_message
DA:23,0
DA:24,0
DA:25,0
DA:28,0
DA:29,0
DA:31,0
DA:32,0
DA:33,0
DA:34,0
DA:35,0
DA:40,0
DA:45,0
DA:49,0
DA:54,0
DA:55,0
DA:58,0
DA:59,0
DA:60,0
DA:64,0
DA:68,0
DA:69,0
DA:70,0
DA:72,0
DA:73,0
DA:74,0
DA:78,0
DA:79,0
DA:80,0
DA:81,0
DA:82,0
DA:86,0
DA:89,0
DA:90,0
DA:91,0
DA:92,0
DA:93,0
DA:94,0
DA:97,0
DA:98,0
DA:99,0
DA:100,0
DA:101,0
DA:102,0
DA:103,0
DA:104,0
DA:105,0
DA:106,0
DA:107,0
DA:111,0
DA:112,0
DA:115,0
DA:116,0
DA:118,0
DA:119,0
DA:120,0
DA:121,0
DA:122,0
DA:124,0
DA:125,0
DA:127,0
DA:128,0
DA:129,0
DA:130,0
DA:131,0
DA:133,0
DA:137,0
DA:138,0
DA:140,0
LF:68
LH:0
end_of_record
TN:
SF:/home/marlonsc/mcb/crates/mcb-validate/src/ast/tree_sitter_query_executor.rs
FN:32,<impl Callback for QueryExecutionCallback>::call
FN:81,TreeSitterQueryExecutor::execute
FN:95,TreeSitterQueryExecutor::execute_on_source
FN:126,map_language
FNF:4
FNDA:0,<impl Callback for QueryExecutionCallback>::call
FNDA:0,TreeSitterQueryExecutor::execute
FNDA:0,TreeSitterQueryExecutor::execute_on_source
FNDA:0,map_language
DA:32,0
DA:33,0
DA:34,0
DA:35,0
DA:36,0
DA:40,0
DA:41,0
DA:44,0
DA:45,0
DA:46,0
DA:47,0
DA:49,0
DA:50,0
DA:51,0
DA:52,0
DA:53,0
DA:54,0
DA:59,0
DA:60,0
DA:61,0
DA:62,0
DA:63,0
DA:68,0
DA:81,0
DA:82,0
DA:83,0
DA:86,0
DA:87,0
DA:89,0
DA:90,0
DA:92,0
DA:95,0
DA:100,0
DA:101,0
DA:103,0
DA:104,0
DA:105,0
DA:110,0
DA:112,0
DA:113,0
DA:114,0
DA:118,0
DA:119,0
DA:122,0
DA:126,0
DA:127,0
DA:128,0
DA:129,0
DA:130,0
DA:131,0
DA:132,0
DA:133,0
DA:134,0
LF:53
LH:0
end_of_record
TN:
SF:/home/marlonsc/mcb/crates/mcb-validate/src/ast/unwrap_detector.rs
FN:46,<impl Callback for UnwrapCallback>::call
FN:57,detect_recursive
FN:99,extract_method
FN:110,find_test_ranges
FN:116,find_test_modules_recursive
FN:163,<impl Callback for TestRangeCallback>::call
FN:173,detect_in_content
FN:199,detect_in_file
FN:218,UnwrapDetector::new
FN:227,UnwrapDetector::detect_in_content
FN:240,UnwrapDetector::detect_in_file
FNF:11
FNDA:0,<impl Callback for UnwrapCallback>::call
FNDA:0,detect_recursive
FNDA:0,extract_method
FNDA:0,find_test_ranges
FNDA:0,find_test_modules_recursive
FNDA:0,<impl Callback for TestRangeCallback>::call
FNDA:0,detect_in_content
FNDA:0,detect_in_file
FNDA:0,UnwrapDetector::new
FNDA:0,UnwrapDetector::detect_in_content
FNDA:0,UnwrapDetector::detect_in_file
DA:46,0
DA:47,0
DA:48,0
DA:49,0
DA:52,0
DA:53,0
DA:57,0
DA:63,0
DA:65,0
DA:66,0
DA:68,0
DA:69,0
DA:71,0
DA:72,0
DA:73,0
DA:74,0
DA:77,0
DA:79,0
DA:80,0
DA:81,0
DA:82,0
DA:83,0
DA:85,0
DA:90,0
DA:91,0
DA:92,0
DA:93,0
DA:99,0
DA:100,0
DA:101,0
DA:102,0
DA:103,0
DA:105,0
DA:110,0
DA:111,0
DA:112,0
DA:113,0
DA:116,0
DA:117,0
DA:119,0
DA:120,0
DA:122,0
DA:123,0
DA:124,0
DA:125,0
DA:126,0
DA:127,0
DA:131,0
DA:132,0
DA:133,0
DA:135,0
DA:136,0
DA:137,0
DA:138,0
DA:139,0
DA:141,0
DA:148,0
DA:149,0
DA:150,0
DA:151,0
DA:163,0
DA:164,0
DA:173,0
DA:174,0
DA:175,0
DA:177,0
DA:178,0
DA:179,0
DA:183,0
DA:187,0
DA:191,0
DA:199,0
DA:200,0
DA:201,0
DA:203,0
DA:204,0
DA:218,0
DA:219,0
DA:227,0
DA:232,0
DA:240,0
DA:241,0
LF:82
LH:0
end_of_record
TN:
SF:/home/marlonsc/mcb/crates/mcb-validate/src/config/file_config.rs
FN:76,FileConfig::load
FN:115,FileConfig::workspace_root
FN:124,FileConfig::is_validator_enabled
FNF:3
FNDA:0,FileConfig::load
FNDA:0,FileConfig::workspace_root
FNDA:0,FileConfig::is_validator_enabled
DA:76,0
DA:77,0
DA:79,0
DA:81,0
DA:83,0
DA:85,0
DA:87,0
DA:88,0
DA:89,0
DA:90,0
DA:91,0
DA:92,0
DA:93,0
DA:95,0
DA:96,0
DA:98,0
DA:99,0
DA:100,0
DA:101,0
DA:103,0
DA:105,0
DA:106,0
DA:109,0
DA:110,0
DA:115,0
DA:116,0
DA:119,0
DA:124,0
DA:126,0
DA:127,0
DA:128,0
DA:129,0
DA:130,0
DA:131,0
DA:132,0
DA:133,0
DA:134,0
DA:135,0
DA:136,0
DA:137,0
DA:138,0
DA:139,0
DA:140,0
DA:141,0
DA:142,0
DA:143,0
LF:46
LH:0
end_of_record
TN:
SF:/home/marlonsc/mcb/crates/mcb-validate/src/duplication/analyzer.rs
FN:29,DuplicationAnalyzer::new
FN:38,DuplicationAnalyzer::with_thresholds
FN:50,DuplicationAnalyzer::analyze_files
FN:83,DuplicationAnalyzer::should_analyze_file
FN:104,DuplicationAnalyzer::detect_language
FN:113,DuplicationAnalyzer::extension_to_language_fallback
FN:127,DuplicationAnalyzer::get_stats
FN:156,<impl Default for DuplicationAnalyzer>::default
FNF:8
FNDA:0,DuplicationAnalyzer::new
FNDA:0,DuplicationAnalyzer::with_thresholds
FNDA:0,DuplicationAnalyzer::analyze_files
FNDA:0,DuplicationAnalyzer::should_analyze_file
FNDA:0,DuplicationAnalyzer::detect_language
FNDA:0,DuplicationAnalyzer::extension_to_language_fallback
FNDA:0,DuplicationAnalyzer::get_stats
FNDA:0,<impl Default for DuplicationAnalyzer>::default
DA:29,0
DA:31,0
DA:32,0
DA:38,0
DA:41,0
DA:50,0
DA:51,0
DA:53,0
DA:54,0
DA:58,0
DA:59,0
DA:61,0
DA:62,0
DA:64,0
DA:65,0
DA:69,0
DA:70,0
DA:71,0
DA:73,0
DA:75,0
DA:78,0
DA:83,0
DA:84,0
DA:85,0
DA:86,0
DA:89,0
DA:90,0
DA:93,0
DA:94,0
DA:95,0
DA:96,0
DA:97,0
DA:101,0
DA:104,0
DA:105,0
DA:106,0
DA:109,0
DA:110,0
DA:113,0
DA:115,0
DA:116,0
DA:117,0
DA:118,0
DA:119,0
DA:120,0
DA:121,0
DA:127,0
DA:128,0
DA:129,0
DA:130,0
DA:131,0
DA:132,0
DA:134,0
DA:135,0
DA:136,0
DA:137,0
DA:138,0
DA:139,0
DA:140,0
DA:156,0
DA:157,0
LF:61
LH:0
end_of_record
TN:
SF:/home/marlonsc/mcb/crates/mcb-validate/src/duplication/detector.rs
FN:48,CloneDetector::new
FN:57,CloneDetector::verify_candidates
FN:73,CloneDetector::verify_single_match
FN:104,CloneDetector::calculate_similarity
FN:114,CloneDetector::classify_clone_type
FN:126,CloneDetector::passes_thresholds
FN:143,CloneDetector::deduplicate_candidates
FN:176,CloneDetector::overlaps_any
FN:182,CloneDetector::mark_overlapping_as_used
FN:195,CloneDetector::candidates_overlap
FN:215,consume_while
FN:232,consume_quoted_literal
FN:253,skip_line_comment
FN:262,skip_block_comment
FN:275,push_token
FN:290,tokenize_source
FN:408,is_keyword
FNF:17
FNDA:0,CloneDetector::new
FNDA:0,CloneDetector::verify_candidates
FNDA:0,CloneDetector::verify_single_match
FNDA:0,CloneDetector::calculate_similarity
FNDA:0,CloneDetector::classify_clone_type
FNDA:0,CloneDetector::passes_thresholds
FNDA:0,CloneDetector::deduplicate_candidates
FNDA:0,CloneDetector::overlaps_any
FNDA:0,CloneDetector::mark_overlapping_as_used
FNDA:0,CloneDetector::candidates_overlap
FNDA:0,consume_while
FNDA:0,consume_quoted_literal
FNDA:0,skip_line_comment
FNDA:0,skip_block_comment
FNDA:0,push_token
FNDA:0,tokenize_source
FNDA:0,is_keyword
DA:48,0
DA:57,0
DA:58,0
DA:60,0
DA:61,0
DA:62,0
DA:64,0
DA:69,0
DA:73,0
DA:74,0
DA:75,0
DA:76,0
DA:80,0
DA:81,0
DA:83,0
DA:84,0
DA:85,0
DA:86,0
DA:87,0
DA:88,0
DA:89,0
DA:90,0
DA:96,0
DA:104,0
DA:114,0
DA:121,0
DA:122,0
DA:126,0
DA:128,0
DA:129,0
DA:133,0
DA:134,0
DA:139,0
DA:143,0
DA:144,0
DA:145,0
DA:148,0
DA:149,0
DA:152,0
DA:153,0
DA:154,0
DA:156,0
DA:157,0
DA:160,0
DA:161,0
DA:165,0
DA:166,0
DA:167,0
DA:168,0
DA:169,0
DA:173,0
DA:176,0
DA:179,0
DA:182,0
DA:187,0
DA:188,0
DA:189,0
DA:195,0
DA:197,0
DA:198,0
DA:201,0
DA:202,0
DA:205,0
DA:206,0
DA:208,0
DA:209,0
DA:211,0
DA:215,0
DA:219,0
DA:220,0
DA:221,0
DA:222,0
DA:224,0
DA:225,0
DA:227,0
DA:229,0
DA:232,0
DA:237,0
DA:238,0
DA:240,0
DA:241,0
DA:242,0
DA:245,0
DA:246,0
DA:250,0
DA:253,0
DA:254,0
DA:255,0
DA:258,0
DA:262,0
DA:263,0
DA:264,0
DA:265,0
DA:268,0
DA:269,0
DA:275,0
DA:282,0
DA:290,0
DA:291,0
DA:292,0
DA:293,0
DA:294,0
DA:296,0
DA:297,0
DA:298,0
DA:299,0
DA:300,0
DA:302,0
DA:303,0
DA:305,0
DA:306,0
DA:307,0
DA:308,0
DA:309,0
DA:310,0
DA:313,0
DA:314,0
DA:316,0
DA:321,0
DA:322,0
DA:326,0
DA:328,0
DA:329,0
DA:330,0
DA:331,0
DA:332,0
DA:333,0
DA:338,0
DA:339,0
DA:343,0
DA:346,0
DA:347,0
DA:351,0
DA:352,0
DA:356,0
DA:358,0
DA:360,0
DA:361,0
DA:364,0
DA:365,0
DA:367,0
DA:370,0
DA:371,0
DA:372,0
DA:375,0
DA:378,0
DA:381,0
DA:382,0
DA:383,0
DA:386,0
DA:388,0
DA:391,0
DA:392,0
DA:393,0
DA:396,0
DA:398,0
DA:399,0
DA:404,0
DA:408,0
DA:409,0
LF:160
LH:0
end_of_record
TN:
SF:/home/marlonsc/mcb/crates/mcb-validate/src/duplication/fingerprint.rs
FN:25,Fingerprint::new
FN:31,Fingerprint::value
FN:80,TokenFingerprinter::new
FN:97,TokenFingerprinter::mod_pow
FN:111,TokenFingerprinter::token_value
FN:118,TokenFingerprinter::initial_hash
FN:128,TokenFingerprinter::rolling_hash
FN:143,TokenFingerprinter::fingerprint_file
FN:190,TokenFingerprinter::find_duplicates
FN:230,TokenFingerprinter::clear
FN:235,TokenFingerprinter::stats
FN:290,Token::new
FN:303,Token::normalized_text
FNF:13
FNDA:0,Fingerprint::new
FNDA:0,Fingerprint::value
FNDA:0,TokenFingerprinter::new
FNDA:0,TokenFingerprinter::mod_pow
FNDA:0,TokenFingerprinter::token_value
FNDA:0,TokenFingerprinter::initial_hash
FNDA:0,TokenFingerprinter::rolling_hash
FNDA:0,TokenFingerprinter::fingerprint_file
FNDA:0,TokenFingerprinter::find_duplicates
FNDA:0,TokenFingerprinter::clear
FNDA:0,TokenFingerprinter::stats
FNDA:0,Token::new
FNDA:0,Token::normalized_text
DA:25,0
DA:31,0
DA:32,0
DA:80,0
DA:81,0
DA:82,0
DA:85,0
DA:92,0
DA:97,0
DA:98,0
DA:99,0
DA:100,0
DA:101,0
DA:102,0
DA:104,0
DA:105,0
DA:107,0
DA:111,0
DA:112,0
DA:113,0
DA:114,0
DA:118,0
DA:119,0
DA:120,0
DA:121,0
DA:122,0
DA:124,0
DA:128,0
DA:129,0
DA:130,0
DA:133,0
DA:134,0
DA:135,0
DA:138,0
DA:139,0
DA:143,0
DA:144,0
DA:148,0
DA:151,0
DA:154,0
DA:156,0
DA:157,0
DA:158,0
DA:159,0
DA:162,0
DA:164,0
DA:167,0
DA:168,0
DA:169,0
DA:170,0
DA:171,0
DA:174,0
DA:176,0
DA:177,0
DA:178,0
DA:179,0
DA:182,0
DA:184,0
DA:190,0
DA:191,0
DA:193,0
DA:194,0
DA:199,0
DA:200,0
DA:201,0
DA:202,0
DA:205,0
DA:207,0
DA:208,0
DA:209,0
DA:210,0
DA:212,0
DA:217,0
DA:218,0
DA:219,0
DA:220,0
DA:226,0
DA:230,0
DA:231,0
DA:235,0
DA:236,0
DA:237,0
DA:241,0
DA:247,0
DA:290,0
DA:303,0
DA:304,0
DA:305,0
DA:306,0
DA:307,0
LF:90
LH:0
end_of_record
TN:
SF:/home/marlonsc/mcb/crates/mcb-validate/src/duplication/thresholds.rs
FN:43,DuplicationType::rule_id
FN:54,DuplicationType::name
FN:65,DuplicationType::min_similarity
FN:101,<impl Default for DuplicationThresholds>::default
FN:123,DuplicationThresholds::strict
FN:134,DuplicationThresholds::lenient
FN:145,DuplicationThresholds::should_detect
FN:156,DuplicationThresholds::meets_threshold
FNF:8
FNDA:0,DuplicationType::rule_id
FNDA:0,DuplicationType::name
FNDA:0,DuplicationType::min_similarity
FNDA:0,<impl Default for DuplicationThresholds>::default
FNDA:0,DuplicationThresholds::strict
FNDA:0,DuplicationThresholds::lenient
FNDA:0,DuplicationThresholds::should_detect
FNDA:0,DuplicationThresholds::meets_threshold
DA:43,0
DA:44,0
DA:45,0
DA:46,0
DA:47,0
DA:48,0
DA:54,0
DA:55,0
DA:56,0
DA:57,0
DA:58,0
DA:59,0
DA:65,0
DA:66,0
DA:67,0
DA:68,0
DA:69,0
DA:70,0
DA:101,0
DA:110,0
DA:123,0
DA:134,0
DA:145,0
DA:146,0
DA:147,0
DA:148,0
DA:149,0
DA:150,0
DA:156,0
DA:157,0
DA:158,0
LF:31
LH:0
end_of_record
TN:
SF:/home/marlonsc/mcb/crates/mcb-validate/src/duplication/violation.rs
FN:45,DuplicationViolation::from_candidate
FN:64,<impl Violation for DuplicationViolation>::id
FN:68,<impl Violation for DuplicationViolation>::message
FN:78,<impl Violation for DuplicationViolation>::severity
FN:82,<impl Violation for DuplicationViolation>::file
FN:86,<impl Violation for DuplicationViolation>::line
FN:90,<impl Violation for DuplicationViolation>::suggestion
FN:107,<impl Violation for DuplicationViolation>::category
FNF:8
FNDA:0,DuplicationViolation::from_candidate
FNDA:0,<impl Violation for DuplicationViolation>::id
FNDA:0,<impl Violation for DuplicationViolation>::message
FNDA:0,<impl Violation for DuplicationViolation>::severity
FNDA:0,<impl Violation for DuplicationViolation>::file
FNDA:0,<impl Violation for DuplicationViolation>::line
FNDA:0,<impl Violation for DuplicationViolation>::suggestion
FNDA:0,<impl Violation for DuplicationViolation>::category
DA:45,0
DA:46,0
DA:47,0
DA:48,0
DA:51,0
DA:52,0
DA:53,0
DA:54,0
DA:55,0
DA:56,0
DA:57,0
DA:64,0
DA:65,0
DA:68,0
DA:69,0
DA:71,0
DA:73,0
DA:78,0
DA:79,0
DA:82,0
DA:86,0
DA:87,0
DA:90,0
DA:91,0
DA:93,0
DA:96,0
DA:99,0
DA:102,0
DA:107,0
LF:29
LH:0
end_of_record
TN:
SF:/home/marlonsc/mcb/crates/mcb-validate/src/embedded_rules.rs
FN:25,EmbeddedRules::all_yaml
FN:100,EmbeddedRules::rule_yaml
FNF:2
FNDA:0,EmbeddedRules::all_yaml
FNDA:0,EmbeddedRules::rule_yaml
DA:25,0
DA:26,0
DA:100,0
DA:101,0
DA:103,0
LF:5
LH:0
end_of_record
TN:
SF:/home/marlonsc/mcb/crates/mcb-validate/src/engines/expression_engine.rs
FN:55,<impl Default for ExpressionEngine>::default
FN:63,ExpressionEngine::new
FN:70,ExpressionEngine::build_eval_context
FN:125,ExpressionEngine::evaluate_expression
FN:141,ExpressionEngine::evaluate_with_variables
FN:162,ExpressionEngine::json_to_eval_value
FN:192,ExpressionEngine::execute_expression_rule
FN:238,<impl RuleEngine for ExpressionEngine>::execute
FN:298,<impl Clone for ExpressionEngine>::clone
FNF:9
FNDA:0,<impl Default for ExpressionEngine>::default
FNDA:0,ExpressionEngine::new
FNDA:0,ExpressionEngine::build_eval_context
FNDA:0,ExpressionEngine::evaluate_expression
FNDA:0,ExpressionEngine::evaluate_with_variables
FNDA:0,ExpressionEngine::json_to_eval_value
FNDA:0,ExpressionEngine::execute_expression_rule
FNDA:0,<impl RuleEngine for ExpressionEngine>::execute
FNDA:0,<impl Clone for ExpressionEngine>::clone
DA:55,0
DA:56,0
DA:63,0
DA:65,0
DA:70,0
DA:71,0
DA:73,0
DA:74,0
DA:75,0
DA:78,0
DA:79,0
DA:80,0
DA:81,0
DA:83,0
DA:84,0
DA:89,0
DA:92,0
DA:93,0
DA:95,0
DA:98,0
DA:99,0
DA:102,0
DA:105,0
DA:106,0
DA:109,0
DA:110,0
DA:111,0
DA:112,0
DA:113,0
DA:115,0
DA:117,0
DA:125,0
DA:126,0
DA:128,0
DA:129,0
DA:130,0
DA:141,0
DA:146,0
DA:148,0
DA:149,0
DA:150,0
DA:153,0
DA:154,0
DA:155,0
DA:162,0
DA:163,0
DA:164,0
DA:165,0
DA:166,0
DA:167,0
DA:168,0
DA:169,0
DA:170,0
DA:172,0
DA:175,0
DA:176,0
DA:177,0
DA:178,0
DA:182,0
DA:192,0
DA:197,0
DA:198,0
DA:199,0
DA:200,0
DA:201,0
DA:202,0
DA:205,0
DA:207,0
DA:210,0
DA:211,0
DA:212,0
DA:218,0
DA:220,0
DA:221,0
DA:225,0
DA:227,0
DA:232,0
DA:238,0
DA:244,0
DA:245,0
DA:246,0
DA:247,0
DA:248,0
DA:249,0
DA:253,0
DA:254,0
DA:255,0
DA:256,0
DA:258,0
DA:259,0
DA:260,0
DA:261,0
DA:263,0
DA:264,0
DA:265,0
DA:266,0
DA:267,0
DA:268,0
DA:269,0
DA:272,0
DA:273,0
DA:274,0
DA:275,0
DA:276,0
DA:277,0
DA:279,0
DA:280,0
DA:282,0
DA:285,0
DA:288,0
DA:293,0
DA:298,0
DA:300,0
LF:113
LH:0
end_of_record
TN:
SF:/home/marlonsc/mcb/crates/mcb-validate/src/engines/hybrid_engine.rs
FN:60,<impl Violation for RuleViolation>::id
FN:64,<impl Violation for RuleViolation>::category
FN:68,<impl Violation for RuleViolation>::severity
FN:72,<impl Violation for RuleViolation>::file
FN:76,<impl Violation for RuleViolation>::line
FN:80,<impl Violation for RuleViolation>::message
FN:87,RuleViolation::new
FN:107,RuleViolation::with_file
FN:114,RuleViolation::with_location
FN:122,RuleViolation::with_context
FN:206,HybridRuleEngine::new
FN:219,HybridRuleEngine::execute_rule
FN:263,HybridRuleEngine::execute_auto
FN:282,HybridRuleEngine::detect_engine
FN:291,HybridRuleEngine::execute_rules_batch
FN:342,HybridRuleEngine::validate_rule_definition
FN:349,HybridRuleEngine::get_cached_rule
FN:354,HybridRuleEngine::cache_compiled_rule
FN:359,HybridRuleEngine::clear_cache
FN:371,HybridRuleEngine::execute_lint_rule
FN:439,HybridRuleEngine::is_lint_rule
FN:448,<impl Default for HybridRuleEngine>::default
FN:454,<impl Clone for HybridRuleEngine>::clone
FNF:23
FNDA:0,<impl Violation for RuleViolation>::id
FNDA:0,<impl Violation for RuleViolation>::category
FNDA:0,<impl Violation for RuleViolation>::severity
FNDA:0,<impl Violation for RuleViolation>::file
FNDA:0,<impl Violation for RuleViolation>::line
FNDA:0,<impl Violation for RuleViolation>::message
FNDA:0,RuleViolation::new
FNDA:0,RuleViolation::with_file
FNDA:0,RuleViolation::with_location
FNDA:0,RuleViolation::with_context
FNDA:0,HybridRuleEngine::new
FNDA:0,HybridRuleEngine::execute_rule
FNDA:0,HybridRuleEngine::execute_auto
FNDA:0,HybridRuleEngine::detect_engine
FNDA:0,HybridRuleEngine::execute_rules_batch
FNDA:0,HybridRuleEngine::validate_rule_definition
FNDA:0,HybridRuleEngine::get_cached_rule
FNDA:0,HybridRuleEngine::cache_compiled_rule
FNDA:0,HybridRuleEngine::clear_cache
FNDA:0,HybridRuleEngine::execute_lint_rule
FNDA:0,HybridRuleEngine::is_lint_rule
FNDA:0,<impl Default for HybridRuleEngine>::default
FNDA:0,<impl Clone for HybridRuleEngine>::clone
DA:60,0
DA:61,0
DA:64,0
DA:65,0
DA:68,0
DA:69,0
DA:72,0
DA:73,0
DA:76,0
DA:77,0
DA:80,0
DA:81,0
DA:87,0
DA:94,0
DA:97,0
DA:107,0
DA:108,0
DA:109,0
DA:114,0
DA:115,0
DA:116,0
DA:117,0
DA:122,0
DA:123,0
DA:124,0
DA:206,0
DA:208,0
DA:209,0
DA:210,0
DA:219,0
DA:226,0
DA:228,0
DA:230,0
DA:231,0
DA:232,0
DA:235,0
DA:236,0
DA:237,0
DA:240,0
DA:241,0
DA:242,0
DA:244,0
DA:247,0
DA:249,0
DA:250,0
DA:263,0
DA:268,0
DA:270,0
DA:272,0
DA:274,0
DA:275,0
DA:282,0
DA:283,0
DA:291,0
DA:296,0
DA:298,0
DA:299,0
DA:300,0
DA:301,0
DA:303,0
DA:304,0
DA:305,0
DA:306,0
DA:307,0
DA:310,0
DA:313,0
DA:314,0
DA:315,0
DA:316,0
DA:317,0
DA:318,0
DA:324,0
DA:325,0
DA:334,0
DA:342,0
DA:343,0
DA:344,0
DA:349,0
DA:350,0
DA:354,0
DA:355,0
DA:359,0
DA:360,0
DA:371,0
DA:376,0
DA:377,0
DA:378,0
DA:379,0
DA:380,0
DA:381,0
DA:384,0
DA:387,0
DA:388,0
DA:389,0
DA:390,0
DA:392,0
DA:393,0
DA:394,0
DA:397,0
DA:398,0
DA:399,0
DA:400,0
DA:406,0
DA:409,0
DA:411,0
DA:414,0
DA:417,0
DA:419,0
DA:420,0
DA:421,0
DA:422,0
DA:423,0
DA:424,0
DA:425,0
DA:429,0
DA:431,0
DA:432,0
DA:439,0
DA:442,0
DA:443,0
DA:448,0
DA:449,0
DA:454,0
DA:456,0
DA:457,0
DA:458,0
LF:126
LH:0
end_of_record
TN:
SF:/home/marlonsc/mcb/crates/mcb-validate/src/engines/rete_engine.rs
FN:32,<impl Default for ReteEngine>::default
FN:40,ReteEngine::new
FN:51,ReteEngine::load_grl
FN:71,ReteEngine::build_facts
FN:158,ReteEngine::execute_grl
FN:231,<impl RuleEngine for ReteEngine>::execute
FN:254,<impl Clone for ReteEngine>::clone
FNF:7
FNDA:0,<impl Default for ReteEngine>::default
FNDA:0,ReteEngine::new
FNDA:0,ReteEngine::load_grl
FNDA:0,ReteEngine::build_facts
FNDA:0,ReteEngine::execute_grl
FNDA:0,<impl RuleEngine for ReteEngine>::execute
FNDA:0,<impl Clone for ReteEngine>::clone
DA:32,0
DA:33,0
DA:40,0
DA:42,0
DA:51,0
DA:52,0
DA:53,0
DA:55,0
DA:56,0
DA:57,0
DA:58,0
DA:61,0
DA:71,0
DA:72,0
DA:75,0
DA:76,0
DA:79,0
DA:82,0
DA:83,0
DA:87,0
DA:88,0
DA:94,0
DA:95,0
DA:96,0
DA:98,0
DA:101,0
DA:103,0
DA:104,0
DA:107,0
DA:108,0
DA:109,0
DA:110,0
DA:113,0
DA:114,0
DA:116,0
DA:121,0
DA:123,0
DA:126,0
DA:128,0
DA:131,0
DA:133,0
DA:134,0
DA:137,0
DA:138,0
DA:145,0
DA:146,0
DA:147,0
DA:150,0
DA:158,0
DA:164,0
DA:167,0
DA:171,0
DA:172,0
DA:173,0
DA:176,0
DA:177,0
DA:178,0
DA:179,0
DA:182,0
DA:185,0
DA:187,0
DA:190,0
DA:191,0
DA:192,0
DA:194,0
DA:197,0
DA:201,0
DA:202,0
DA:203,0
DA:205,0
DA:208,0
DA:210,0
DA:211,0
DA:215,0
DA:217,0
DA:225,0
DA:231,0
DA:237,0
DA:238,0
DA:239,0
DA:240,0
DA:241,0
DA:242,0
DA:243,0
DA:248,0
DA:249,0
DA:254,0
DA:256,0
LF:88
LH:0
end_of_record
TN:
SF:/home/marlonsc/mcb/crates/mcb-validate/src/engines/router.rs
FN:58,<impl Default for RuleEngineRouter>::default
FN:66,RuleEngineRouter::new
FN:76,RuleEngineRouter::detect_engine
FN:94,RuleEngineRouter::detect_by_content
FN:117,RuleEngineRouter::has_grl_syntax
FN:145,RuleEngineRouter::execute
FN:160,RuleEngineRouter::execute_with_engine
FN:179,RuleEngineRouter::execute_with_rete
FN:189,RuleEngineRouter::execute_with_expression
FN:201,RuleEngineRouter::execute_with_rusty_rules
FN:214,RuleEngineRouter::get_engine_type
FN:223,RuleEngineRouter::validate_rule
FN:255,<impl Clone for RuleEngineRouter>::clone
FNF:13
FNDA:0,<impl Default for RuleEngineRouter>::default
FNDA:0,RuleEngineRouter::new
FNDA:0,RuleEngineRouter::detect_engine
FNDA:0,RuleEngineRouter::detect_by_content
FNDA:0,RuleEngineRouter::has_grl_syntax
FNDA:0,RuleEngineRouter::execute
FNDA:0,RuleEngineRouter::execute_with_engine
FNDA:0,RuleEngineRouter::execute_with_rete
FNDA:0,RuleEngineRouter::execute_with_expression
FNDA:0,RuleEngineRouter::execute_with_rusty_rules
FNDA:0,RuleEngineRouter::get_engine_type
FNDA:0,RuleEngineRouter::validate_rule
FNDA:0,<impl Clone for RuleEngineRouter>::clone
DA:58,0
DA:59,0
DA:66,0
DA:68,0
DA:69,0
DA:70,0
DA:76,0
DA:78,0
DA:79,0
DA:80,0
DA:83,0
DA:84,0
DA:85,0
DA:86,0
DA:90,0
DA:94,0
DA:96,0
DA:97,0
DA:101,0
DA:102,0
DA:106,0
DA:107,0
DA:109,0
DA:117,0
DA:119,0
DA:120,0
DA:121,0
DA:122,0
DA:124,0
DA:125,0
DA:129,0
DA:130,0
DA:131,0
DA:133,0
DA:134,0
DA:137,0
DA:145,0
DA:150,0
DA:151,0
DA:152,0
DA:160,0
DA:166,0
DA:167,0
DA:169,0
DA:172,0
DA:173,0
DA:179,0
DA:185,0
DA:189,0
DA:195,0
DA:196,0
DA:197,0
DA:201,0
DA:207,0
DA:208,0
DA:209,0
DA:214,0
DA:215,0
DA:223,0
DA:224,0
DA:226,0
DA:229,0
DA:230,0
DA:232,0
DA:233,0
DA:239,0
DA:240,0
DA:241,0
DA:250,0
DA:255,0
DA:257,0
DA:258,0
DA:259,0
LF:73
LH:0
end_of_record
TN:
SF:/home/marlonsc/mcb/crates/mcb-validate/src/engines/rusty_rules_engine.rs
FN:83,<impl Default for RustyRulesEngineWrapper>::default
FN:91,RustyRulesEngineWrapper::new
FN:102,RustyRulesEngineWrapper::parse_rule_definition
FN:108,RustyRulesEngineWrapper::parse_rule_from_json
FN:121,RustyRulesEngineWrapper::parse_optional_condition
FN:129,RustyRulesEngineWrapper::parse_optional_action
FN:139,RustyRulesEngineWrapper::parse_condition_value
FN:182,RustyRulesEngineWrapper::parse_action
FN:196,RustyRulesEngineWrapper::parse_severity
FN:204,RustyRulesEngineWrapper::has_forbidden_dependency
FN:222,workspace_has_forbidden_cargo_dependency
FN:255,dependency_matches
FN:263,toml_dependencies_match
FN:276,dependencies_match_by_line
FN:309,<impl RuleEngine for RustyRulesEngineWrapper>::execute
FN:324,RustyRulesEngineWrapper::dispatch_rule
FN:346,RustyRulesEngineWrapper::execute_cargo_dependency_rule
FN:389,RustyRulesEngineWrapper::execute_ast_pattern_rule
FN:402,RustyRulesEngineWrapper::execute_file_size_rule
FN:454,RustyRulesEngineWrapper::is_size_check_excluded
FN:461,forbidden_patterns
FN:475,json_str
FN:479,json_opt_str
FN:483,ast_pattern_violations
FN:502,<impl Clone for RustyRulesEngineWrapper>::clone
FNF:25
FNDA:0,<impl Default for RustyRulesEngineWrapper>::default
FNDA:0,RustyRulesEngineWrapper::new
FNDA:0,RustyRulesEngineWrapper::parse_rule_definition
FNDA:0,RustyRulesEngineWrapper::parse_rule_from_json
FNDA:0,RustyRulesEngineWrapper::parse_optional_condition
FNDA:0,RustyRulesEngineWrapper::parse_optional_action
FNDA:0,RustyRulesEngineWrapper::parse_condition_value
FNDA:0,RustyRulesEngineWrapper::parse_action
FNDA:0,RustyRulesEngineWrapper::parse_severity
FNDA:0,RustyRulesEngineWrapper::has_forbidden_dependency
FNDA:0,workspace_has_forbidden_cargo_dependency
FNDA:0,dependency_matches
FNDA:0,toml_dependencies_match
FNDA:0,dependencies_match_by_line
FNDA:0,<impl RuleEngine for RustyRulesEngineWrapper>::execute
FNDA:0,RustyRulesEngineWrapper::dispatch_rule
FNDA:0,RustyRulesEngineWrapper::execute_cargo_dependency_rule
FNDA:0,RustyRulesEngineWrapper::execute_ast_pattern_rule
FNDA:0,RustyRulesEngineWrapper::execute_file_size_rule
FNDA:0,RustyRulesEngineWrapper::is_size_check_excluded
FNDA:0,forbidden_patterns
FNDA:0,json_str
FNDA:0,json_opt_str
FNDA:0,ast_pattern_violations
FNDA:0,<impl Clone for RustyRulesEngineWrapper>::clone
DA:83,0
DA:84,0
DA:91,0
DA:93,0
DA:102,0
DA:103,0
DA:104,0
DA:105,0
DA:108,0
DA:109,0
DA:111,0
DA:112,0
DA:114,0
DA:115,0
DA:116,0
DA:121,0
DA:123,0
DA:124,0
DA:126,0
DA:129,0
DA:130,0
DA:131,0
DA:132,0
DA:139,0
DA:140,0
DA:141,0
DA:143,0
DA:145,0
DA:147,0
DA:150,0
DA:151,0
DA:153,0
DA:155,0
DA:157,0
DA:160,0
DA:161,0
DA:162,0
DA:166,0
DA:168,0
DA:170,0
DA:172,0
DA:174,0
DA:175,0
DA:176,0
DA:177,0
DA:182,0
DA:183,0
DA:184,0
DA:187,0
DA:188,0
DA:190,0
DA:193,0
DA:196,0
DA:198,0
DA:199,0
DA:200,0
DA:204,0
DA:205,0
DA:206,0
DA:208,0
DA:209,0
DA:212,0
DA:213,0
DA:214,0
DA:218,0
DA:222,0
DA:226,0
DA:228,0
DA:229,0
DA:233,0
DA:234,0
DA:235,0
DA:236,0
DA:240,0
DA:244,0
DA:245,0
DA:247,0
DA:252,0
DA:255,0
DA:256,0
DA:257,0
DA:258,0
DA:259,0
DA:260,0
DA:263,0
DA:264,0
DA:265,0
DA:267,0
DA:268,0
DA:273,0
DA:276,0
DA:277,0
DA:279,0
DA:280,0
DA:281,0
DA:285,0
DA:286,0
DA:290,0
DA:294,0
DA:298,0
DA:299,0
DA:300,0
DA:304,0
DA:309,0
DA:314,0
DA:315,0
DA:318,0
DA:319,0
DA:324,0
DA:331,0
DA:332,0
DA:333,0
DA:335,0
DA:336,0
DA:338,0
DA:339,0
DA:340,0
DA:342,0
DA:346,0
DA:351,0
DA:357,0
DA:358,0
DA:361,0
DA:363,0
DA:364,0
DA:365,0
DA:367,0
DA:368,0
DA:371,0
DA:372,0
DA:374,0
DA:376,0
DA:377,0
DA:381,0
DA:383,0
DA:386,0
DA:389,0
DA:394,0
DA:395,0
DA:396,0
DA:399,0
DA:402,0
DA:407,0
DA:424,0
DA:425,0
DA:428,0
DA:429,0
DA:430,0
DA:434,0
DA:435,0
DA:439,0
DA:440,0
DA:444,0
DA:446,0
DA:447,0
DA:451,0
DA:454,0
DA:455,0
DA:456,0
DA:457,0
DA:461,0
DA:464,0
DA:465,0
DA:466,0
DA:467,0
DA:468,0
DA:469,0
DA:475,0
DA:476,0
DA:479,0
DA:480,0
DA:483,0
DA:484,0
DA:487,0
DA:488,0
DA:489,0
DA:493,0
DA:495,0
DA:496,0
DA:502,0
DA:504,0
LF:181
LH:0
end_of_record
TN:
SF:/home/marlonsc/mcb/crates/mcb-validate/src/engines/validator_engine.rs
FN:24,<impl Default for ValidatorEngine>::default
FNF:1
FNDA:0,<impl Default for ValidatorEngine>::default
DA:24,0
DA:25,0
DA:41,0
DA:43,0
DA:44,0
DA:45,0
DA:46,0
DA:50,0
DA:51,0
DA:54,0
DA:55,0
DA:56,0
DA:60,0
DA:61,0
DA:62,0
DA:66,0
DA:67,0
DA:68,0
DA:71,0
DA:127,0
DA:128,0
DA:143,0
DA:144,0
DA:146,0
DA:147,0
DA:149,0
DA:151,0
DA:155,0
DA:156,0
DA:158,0
DA:159,0
DA:161,0
DA:162,0
DA:164,0
DA:166,0
DA:170,0
DA:171,0
DA:181,0
DA:182,0
DA:184,0
DA:185,0
DA:186,0
LF:42
LH:0
end_of_record
TN:
SF:/home/marlonsc/mcb/crates/mcb-validate/src/extractor/fact.rs
FN:76,Fact::new
FN:100,Fact::add_attribute
FNF:2
FNDA:0,Fact::new
FNDA:0,Fact::add_attribute
DA:76,0
DA:82,0
DA:83,0
DA:85,0
DA:92,0
DA:93,0
DA:100,0
DA:101,0
LF:8
LH:0
end_of_record
TN:
SF:/home/marlonsc/mcb/crates/mcb-validate/src/extractor/rust_extractor.rs
FN:19,RustExtractor::location_for
FN:39,RustExtractor::extract_facts
FN:66,RustExtractor::extract_facts::find_by_kind
FNF:3
FNDA:0,RustExtractor::location_for
FNDA:0,RustExtractor::extract_facts
FNDA:0,RustExtractor::extract_facts::find_by_kind
DA:19,0
DA:21,0
DA:22,0
DA:23,0
DA:24,0
DA:25,0
DA:39,0
DA:40,0
DA:42,0
DA:43,0
DA:44,0
DA:46,0
DA:49,0
DA:51,0
DA:55,0
DA:58,0
DA:59,0
DA:61,0
DA:62,0
DA:66,0
DA:67,0
DA:68,0
DA:70,0
DA:71,0
DA:72,0
DA:75,0
DA:76,0
DA:77,0
DA:80,0
DA:84,0
DA:85,0
DA:86,0
DA:88,0
DA:90,0
DA:91,0
DA:93,0
DA:94,0
DA:100,0
DA:101,0
DA:102,0
DA:103,0
DA:105,0
DA:106,0
DA:108,0
DA:109,0
DA:115,0
DA:116,0
DA:117,0
DA:118,0
DA:120,0
DA:121,0
DA:123,0
DA:124,0
DA:129,0
LF:54
LH:0
end_of_record
TN:
SF:/home/marlonsc/mcb/crates/mcb-validate/src/filters/dependency_parser.rs
FN:41,CrateDependencies::has_dependency
FN:47,CrateDependencies::get_dependency
FN:52,CrateDependencies::mark_used
FN:69,WorkspaceDependencies::find_crate_deps
FN:86,WorkspaceDependencies::all_declared_deps
FN:110,CargoDependencyParser::new
FN:119,CargoDependencyParser::parse_workspace_deps
FN:137,CargoDependencyParser::find_crate_dirs
FN:156,CargoDependencyParser::collect_cargo_dirs
FN:193,CargoDependencyParser::parse_cargo_toml
FN:217,CargoDependencyParser::parse_dependency_table
FN:231,CargoDependencyParser::parse_dependency_config
FNF:12
FNDA:0,CrateDependencies::has_dependency
FNDA:0,CrateDependencies::get_dependency
FNDA:0,CrateDependencies::mark_used
FNDA:0,WorkspaceDependencies::find_crate_deps
FNDA:0,WorkspaceDependencies::all_declared_deps
FNDA:0,CargoDependencyParser::new
FNDA:0,CargoDependencyParser::parse_workspace_deps
FNDA:0,CargoDependencyParser::find_crate_dirs
FNDA:0,CargoDependencyParser::collect_cargo_dirs
FNDA:0,CargoDependencyParser::parse_cargo_toml
FNDA:0,CargoDependencyParser::parse_dependency_table
FNDA:0,CargoDependencyParser::parse_dependency_config
DA:41,0
DA:42,0
DA:47,0
DA:48,0
DA:52,0
DA:53,0
DA:54,0
DA:69,0
DA:70,0
DA:71,0
DA:72,0
DA:73,0
DA:76,0
DA:78,0
DA:79,0
DA:80,0
DA:86,0
DA:87,0
DA:89,0
DA:90,0
DA:91,0
DA:92,0
DA:93,0
DA:94,0
DA:98,0
DA:110,0
DA:119,0
DA:120,0
DA:123,0
DA:125,0
DA:126,0
DA:127,0
DA:128,0
DA:129,0
DA:133,0
DA:137,0
DA:138,0
DA:140,0
DA:141,0
DA:145,0
DA:146,0
DA:152,0
DA:156,0
DA:163,0
DA:167,0
DA:171,0
DA:172,0
DA:173,0
DA:174,0
DA:175,0
DA:176,0
DA:178,0
DA:183,0
DA:184,0
DA:193,0
DA:194,0
DA:195,0
DA:197,0
DA:198,0
DA:201,0
DA:203,0
DA:204,0
DA:206,0
DA:207,0
DA:209,0
DA:210,0
DA:213,0
DA:217,0
DA:222,0
DA:223,0
DA:224,0
DA:225,0
DA:231,0
DA:232,0
DA:235,0
DA:237,0
DA:238,0
DA:242,0
DA:245,0
DA:246,0
DA:250,0
DA:251,0
DA:252,0
DA:253,0
DA:254,0
DA:259,0
DA:261,0
DA:265,0
DA:277,0
DA:280,0
LF:90
LH:0
end_of_record
TN:
SF:/home/marlonsc/mcb/crates/mcb-validate/src/filters/file_matcher.rs
FN:52,FilePatternMatcher::new
FN:81,FilePatternMatcher::matches_any
FN:93,FilePatternMatcher::compiled_patterns
FN:140,FilePatternMatcher::should_include
FN:162,FilePatternMatcher::parse_patterns
FN:182,FilePatternMatcher::from_mixed_patterns
FN:190,<impl Default for FilePatternMatcher>::default
FNF:7
[...]
DA:86,0
DA:87,0
DA:91,0
DA:95,0
DA:96,0
DA:97,0
LF:33
LH:0
end_of_record
TN:
SF:/home/marlonsc/mcb/third-party/seaography/src/custom/input.rs
FNF:0
DA:72,0
DA:73,0
DA:74,0
DA:75,0
DA:76,0
DA:84,0
DA:85,0
DA:86,0
DA:87,0
DA:88,0
DA:98,0
DA:99,0
DA:100,0
DA:108,0
DA:109,0
DA:110,0
DA:112,0
DA:113,0
DA:114,0
DA:115,0
DA:116,0
DA:117,0
DA:119,0
DA:121,0
DA:122,0
LF:25
LH:0
end_of_record
TN:
SF:/home/marlonsc/mcb/third-party/seaography/src/custom/output.rs
FNF:0
DA:72,0
DA:73,0
DA:74,0
DA:75,0
DA:76,0
DA:80,0
DA:81,0
DA:82,0
DA:83,0
DA:92,0
DA:93,0
DA:94,0
DA:98,0
DA:99,0
DA:102,0
DA:103,0
DA:104,0
DA:107,0
DA:115,0
DA:116,0
DA:119,0
DA:120,0
DA:129,0
DA:130,0
DA:131,0
DA:133,0
DA:136,0
DA:137,0
LF:28
LH:0
end_of_record
TN:
SF:/home/marlonsc/mcb/third-party/seaography/src/custom/types.rs
FN:73,GqlScalarValueType::gql_output_type_ref
FN:76,GqlScalarValueType::gql_input_type_ref
FN:87,GqlScalarValueType::gql_field_value
FN:101,GqlModelType::gql_field_value
FN:110,<impl GqlScalarValueType for T>::gql_type_ref
FN:125,<impl GqlScalarValueType for T>::parse_value
FN:140,<impl GqlScalarValueType for T>::to_graphql_value
FN:153,<impl GqlModelType for M>::gql_output_type_ref
FN:159,<impl GqlModelType for M>::gql_input_type_ref
FN:169,<impl GqlModelType for M>::parse_value
FN:180,<impl GqlModelType for Connection<E>>::gql_output_type_ref
FN:187,<impl GqlModelType for Connection<E>>::gql_input_type_ref
FN:195,<impl GqlModelType for Connection<E>>::parse_value
FNF:13
FNDA:0,GqlScalarValueType::gql_output_type_ref
FNDA:0,GqlScalarValueType::gql_input_type_ref
FNDA:0,GqlScalarValueType::gql_field_value
FNDA:0,GqlModelType::gql_field_value
FNDA:0,<impl GqlScalarValueType for T>::gql_type_ref
FNDA:0,<impl GqlScalarValueType for T>::parse_value
FNDA:0,<impl GqlScalarValueType for T>::to_graphql_value
FNDA:0,<impl GqlModelType for M>::gql_output_type_ref
FNDA:0,<impl GqlModelType for M>::gql_input_type_ref
FNDA:0,<impl GqlModelType for M>::parse_value
FNDA:0,<impl GqlModelType for Connection<E>>::gql_output_type_ref
FNDA:0,<impl GqlModelType for Connection<E>>::gql_input_type_ref
FNDA:0,<impl GqlModelType for Connection<E>>::parse_value
DA:73,0
DA:74,0
DA:76,0
DA:77,0
DA:87,0
DA:88,0
DA:101,0
DA:102,0
DA:110,0
DA:111,0
DA:112,0
DA:113,0
DA:114,0
DA:115,0
DA:116,0
DA:125,0
DA:126,0
DA:127,0
DA:128,0
DA:130,0
DA:131,0
DA:133,0
DA:136,0
DA:140,0
DA:142,0
DA:143,0
DA:153,0
DA:154,0
DA:155,0
DA:156,0
DA:159,0
DA:160,0
DA:161,0
DA:162,0
DA:169,0
DA:171,0
DA:180,0
DA:181,0
DA:182,0
DA:183,0
DA:184,0
DA:187,0
DA:195,0
DA:196,0
LF:44
LH:0
end_of_record
TN:
SF:/home/marlonsc/mcb/third-party/seaography/src/enumerations/active_enum.rs
FNF:0
DA:35,0
DA:36,0
DA:37,0
DA:52,0
DA:53,0
DA:55,0
DA:57,0
DA:58,0
DA:59,0
DA:60,0
LF:10
LH:0
end_of_record
TN:
SF:/home/marlonsc/mcb/third-party/seaography/src/inputs/active_enum_filter_input.rs
FNF:0
DA:35,0
DA:36,0
DA:37,0
DA:52,0
DA:54,0
DA:58,0
DA:59,0
DA:60,0
DA:85,0
DA:87,0
DA:88,0
DA:89,0
DA:90,0
DA:91,0
DA:92,0
DA:95,0
DA:96,0
DA:97,0
DA:98,0
DA:100,0
DA:101,0
DA:102,0
DA:104,0
DA:107,0
DA:108,0
DA:109,0
DA:111,0
DA:114,0
DA:115,0
DA:116,0
DA:118,0
DA:121,0
DA:122,0
DA:123,0
DA:125,0
DA:128,0
DA:129,0
DA:130,0
DA:132,0
DA:135,0
DA:136,0
DA:137,0
DA:139,0
DA:142,0
DA:143,0
DA:144,0
DA:146,0
DA:149,0
DA:150,0
DA:151,0
DA:152,0
DA:153,0
DA:156,0
DA:158,0
DA:161,0
DA:162,0
DA:163,0
DA:164,0
DA:165,0
DA:168,0
DA:170,0
DA:173,0
DA:174,0
DA:175,0
DA:177,0
DA:178,0
DA:180,0
DA:183,0
DA:186,0
LF:69
LH:0
end_of_record
TN:
SF:/home/marlonsc/mcb/third-party/seaography/src/inputs/entity_input.rs
FNF:0
DA:43,0
DA:45,0
DA:46,0
DA:55,0
DA:57,0
DA:58,0
DA:67,0
DA:68,0
DA:70,0
DA:74,0
DA:77,0
DA:80,0
DA:81,0
DA:82,0
DA:84,0
DA:86,0
DA:87,0
DA:89,0
DA:92,0
DA:93,0
DA:96,0
DA:98,0
DA:99,0
DA:102,0
DA:103,0
DA:104,0
DA:106,0
DA:107,0
DA:108,0
DA:110,0
DA:111,0
DA:112,0
DA:113,0
DA:115,0
DA:116,0
DA:119,0
DA:129,0
DA:138,0
DA:149,0
DA:152,0
DA:155,0
DA:157,0
DA:158,0
DA:160,0
DA:161,0
DA:162,0
DA:165,0
DA:166,0
DA:168,0
DA:171,0
LF:50
LH:0
end_of_record
TN:
SF:/home/marlonsc/mcb/third-party/seaography/src/inputs/filter_input.rs
FNF:0
DA:41,0
DA:45,0
DA:47,0
DA:48,0
DA:50,0
DA:51,0
DA:52,0
DA:54,0
DA:55,0
DA:56,0
DA:60,0
DA:61,0
DA:62,0
DA:63,0
LF:14
LH:0
end_of_record
TN:
SF:/home/marlonsc/mcb/third-party/seaography/src/inputs/having_input.rs
FNF:0
DA:41,0
DA:43,0
DA:44,0
DA:46,0
DA:48,0
DA:50,0
DA:51,0
DA:54,0
DA:55,0
DA:58,0
LF:10
LH:0
end_of_record
TN:
SF:/home/marlonsc/mcb/third-party/seaography/src/inputs/order_input.rs
FNF:0
DA:40,0
DA:43,0
DA:44,0
DA:46,0
DA:47,0
DA:48,0
DA:50,0
DA:51,0
DA:52,0
DA:64,0
DA:65,0
DA:66,0
DA:68,0
DA:71,0
DA:74,0
DA:75,0
DA:76,0
DA:78,0
DA:79,0
DA:81,0
DA:82,0
DA:84,0
DA:85,0
DA:86,0
DA:87,0
DA:89,0
DA:90,0
DA:91,0
DA:97,0
DA:99,0
LF:30
LH:0
end_of_record
TN:
SF:/home/marlonsc/mcb/third-party/seaography/src/mutation/entity_create_batch_mutation.rs
FNF:0
DA:47,0
DA:49,0
DA:51,0
DA:52,0
DA:65,0
DA:68,0
DA:71,0
DA:73,0
DA:74,0
DA:77,0
DA:78,0
DA:79,0
DA:80,0
DA:81,0
DA:82,0
DA:83,0
DA:85,0
DA:88,0
DA:89,0
DA:90,0
DA:92,0
DA:94,0
DA:95,0
DA:97,0
DA:98,0
DA:99,0
DA:100,0
DA:101,0
DA:102,0
DA:104,0
DA:105,0
DA:106,0
DA:107,0
DA:109,0
DA:113,0
DA:114,0
DA:115,0
DA:116,0
DA:118,0
DA:119,0
DA:120,0
DA:121,0
DA:122,0
DA:124,0
DA:125,0
DA:126,0
DA:130,0
DA:131,0
DA:134,0
DA:136,0
DA:137,0
DA:138,0
DA:140,0
DA:141,0
DA:146,0
DA:147,0
DA:148,0
LF:57
LH:0
end_of_record
TN:
SF:/home/marlonsc/mcb/third-party/seaography/src/mutation/entity_create_one_mutation.rs
FNF:0
DA:48,0
DA:50,0
DA:52,0
DA:53,0
DA:66,0
DA:69,0
DA:72,0
DA:74,0
DA:75,0
DA:78,0
DA:79,0
DA:80,0
DA:81,0
DA:82,0
DA:83,0
DA:84,0
DA:86,0
DA:89,0
DA:90,0
DA:91,0
DA:92,0
DA:93,0
DA:94,0
DA:96,0
DA:97,0
DA:98,0
DA:100,0
DA:104,0
DA:105,0
DA:106,0
DA:108,0
DA:109,0
DA:110,0
DA:111,0
DA:114,0
DA:115,0
DA:116,0
DA:117,0
DA:118,0
DA:120,0
DA:123,0
DA:125,0
DA:126,0
DA:127,0
DA:129,0
DA:133,0
DA:134,0
DA:135,0
DA:150,0
DA:152,0
DA:154,0
DA:156,0
DA:157,0
DA:158,0
DA:161,0
DA:162,0
DA:165,0
DA:166,0
DA:167,0
DA:169,0
DA:173,0
LF:61
LH:0
end_of_record
TN:
SF:/home/marlonsc/mcb/third-party/seaography/src/mutation/entity_delete_mutation.rs
FNF:0
DA:48,0
DA:50,0
DA:52,0
DA:53,0
DA:65,0
DA:68,0
DA:70,0
DA:71,0
DA:73,0
DA:74,0
DA:77,0
DA:78,0
DA:79,0
DA:80,0
DA:81,0
DA:82,0
DA:83,0
DA:85,0
DA:88,0
DA:89,0
DA:90,0
DA:92,0
DA:93,0
DA:95,0
DA:96,0
DA:97,0
DA:99,0
DA:101,0
DA:103,0
DA:104,0
DA:105,0
DA:107,0
DA:111,0
DA:112,0
DA:113,0
LF:35
LH:0
end_of_record
TN:
SF:/home/marlonsc/mcb/third-party/seaography/src/mutation/entity_update_mutation.rs
FNF:0
DA:54,0
DA:56,0
DA:58,0
DA:59,0
DA:72,0
DA:75,0
DA:78,0
DA:80,0
DA:81,0
DA:83,0
DA:84,0
DA:87,0
DA:88,0
DA:89,0
DA:90,0
DA:91,0
DA:92,0
DA:93,0
DA:95,0
DA:98,0
DA:99,0
DA:100,0
DA:102,0
DA:104,0
DA:105,0
DA:107,0
DA:108,0
DA:110,0
DA:111,0
DA:112,0
DA:113,0
DA:115,0
DA:116,0
DA:117,0
DA:119,0
DA:123,0
DA:124,0
DA:125,0
DA:126,0
DA:129,0
DA:130,0
DA:132,0
DA:133,0
DA:134,0
DA:135,0
DA:137,0
DA:138,0
DA:140,0
DA:142,0
DA:143,0
DA:144,0
DA:145,0
DA:146,0
DA:149,0
DA:150,0
DA:153,0
DA:155,0
DA:156,0
DA:157,0
DA:159,0
DA:160,0
DA:165,0
DA:166,0
DA:167,0
DA:169,0
DA:170,0
DA:171,0
LF:67
LH:0
end_of_record
TN:
SF:/home/marlonsc/mcb/third-party/seaography/src/outputs/connection_object.rs
FNF:0
DA:87,0
DA:90,0
DA:92,0
DA:93,0
DA:95,0
DA:96,0
DA:97,0
DA:98,0
DA:99,0
DA:100,0
DA:101,0
DA:102,0
DA:106,0
DA:107,0
DA:108,0
DA:109,0
DA:110,0
DA:111,0
DA:112,0
DA:113,0
DA:114,0
DA:115,0
DA:117,0
DA:119,0
DA:124,0
DA:125,0
DA:126,0
DA:127,0
DA:128,0
DA:129,0
DA:130,0
DA:131,0
DA:136,0
DA:137,0
DA:138,0
DA:139,0
DA:140,0
DA:141,0
DA:142,0
DA:143,0
DA:144,0
DA:145,0
DA:146,0
LF:43
LH:0
end_of_record
TN:
SF:/home/marlonsc/mcb/third-party/seaography/src/outputs/edge_object.rs
FNF:0
DA:58,0
DA:60,0
DA:61,0
DA:63,0
DA:64,0
DA:65,0
DA:66,0
DA:67,0
DA:68,0
DA:69,0
DA:70,0
DA:74,0
DA:75,0
DA:76,0
DA:77,0
DA:78,0
DA:79,0
DA:80,0
LF:18
LH:0
end_of_record
TN:
SF:/home/marlonsc/mcb/third-party/seaography/src/outputs/entity_object.rs
FNF:0
DA:55,0
DA:56,0
DA:64,0
DA:65,0
DA:67,0
DA:68,0
DA:77,0
DA:78,0
DA:79,0
DA:88,0
DA:90,0
DA:99,0
DA:101,0
DA:110,0
DA:113,0
DA:116,0
DA:117,0
DA:118,0
DA:119,0
DA:120,0
DA:121,0
DA:123,0
DA:124,0
DA:125,0
DA:126,0
DA:127,0
DA:129,0
DA:130,0
DA:133,0
DA:134,0
DA:142,0
DA:143,0
DA:144,0
DA:145,0
DA:146,0
DA:149,0
DA:150,0
DA:151,0
DA:152,0
DA:153,0
DA:154,0
DA:156,0
DA:157,0
DA:159,0
DA:160,0
DA:161,0
DA:163,0
DA:164,0
DA:169,0
DA:170,0
DA:171,0
DA:172,0
DA:173,0
DA:174,0
DA:175,0
DA:181,0
DA:182,0
DA:183,0
DA:186,0
DA:187,0
DA:188,0
DA:189,0
DA:193,0
DA:204,0
DA:207,0
DA:210,0
DA:212,0
DA:213,0
DA:214,0
DA:216,0
DA:217,0
DA:218,0
DA:221,0
DA:223,0
DA:226,0
DA:227,0
DA:228,0
DA:229,0
DA:230,0
DA:235,0
DA:236,0
DA:237,0
DA:238,0
LF:83
LH:0
end_of_record
TN:
SF:/home/marlonsc/mcb/third-party/seaography/src/query/entity_object_relation.rs
FN:28,EntityObjectRelationBuilder::get_relation_name
FNF:1
FNDA:0,EntityObjectRelationBuilder::get_relation_name
DA:28,0
DA:52,0
DA:53,0
DA:54,0
DA:55,0
DA:56,0
DA:57,0
DA:59,0
DA:60,0
DA:61,0
DA:62,0
DA:63,0
DA:65,0
DA:66,0
DA:67,0
DA:68,0
DA:69,0
DA:70,0
DA:71,0
DA:72,0
DA:73,0
DA:74,0
DA:76,0
DA:78,0
DA:79,0
DA:81,0
DA:84,0
DA:85,0
DA:86,0
DA:87,0
DA:91,0
DA:93,0
DA:94,0
DA:95,0
DA:97,0
DA:100,0
DA:101,0
DA:102,0
DA:104,0
DA:106,0
DA:107,0
DA:108,0
DA:109,0
DA:111,0
DA:112,0
DA:113,0
DA:114,0
DA:116,0
DA:117,0
DA:118,0
DA:119,0
DA:120,0
DA:121,0
DA:122,0
DA:126,0
DA:128,0
DA:129,0
DA:131,0
DA:137,0
DA:138,0
DA:139,0
DA:140,0
DA:141,0
DA:142,0
DA:143,0
DA:144,0
DA:145,0
DA:146,0
DA:147,0
DA:149,0
DA:151,0
DA:152,0
DA:154,0
DA:157,0
DA:158,0
DA:159,0
DA:160,0
DA:164,0
DA:166,0
DA:167,0
DA:168,0
DA:170,0
DA:173,0
DA:174,0
DA:175,0
DA:177,0
DA:179,0
DA:180,0
DA:181,0
DA:182,0
DA:184,0
DA:185,0
DA:186,0
DA:187,0
DA:189,0
DA:190,0
DA:191,0
DA:192,0
DA:193,0
DA:194,0
DA:195,0
DA:199,0
DA:201,0
DA:202,0
DA:203,0
DA:205,0
DA:206,0
DA:208,0
DA:214,0
DA:215,0
DA:216,0
DA:217,0
DA:218,0
DA:219,0
DA:221,0
DA:222,0
DA:223,0
DA:225,0
DA:226,0
DA:227,0
LF:120
LH:0
end_of_record
TN:
SF:/home/marlonsc/mcb/third-party/seaography/src/query/entity_object_via_relation.rs
FN:30,EntityObjectViaRelationBuilder::get_relation_name
FNF:1
FNDA:0,EntityObjectViaRelationBuilder::get_relation_name
DA:30,0
DA:31,0
DA:55,0
DA:56,0
DA:57,0
DA:58,0
DA:59,0
DA:60,0
DA:62,0
DA:64,0
DA:65,0
DA:66,0
DA:67,0
DA:69,0
DA:70,0
DA:71,0
DA:72,0
DA:74,0
DA:75,0
DA:76,0
DA:78,0
DA:79,0
DA:80,0
DA:81,0
DA:82,0
DA:83,0
DA:84,0
DA:85,0
DA:87,0
DA:89,0
DA:90,0
DA:92,0
DA:95,0
DA:96,0
DA:97,0
DA:98,0
DA:102,0
DA:104,0
DA:105,0
DA:106,0
DA:108,0
DA:111,0
DA:112,0
DA:113,0
DA:115,0
DA:117,0
DA:118,0
DA:119,0
DA:120,0
DA:122,0
DA:123,0
DA:124,0
DA:125,0
DA:126,0
DA:127,0
DA:128,0
DA:129,0
DA:130,0
DA:134,0
DA:136,0
DA:137,0
DA:139,0
DA:145,0
DA:146,0
DA:147,0
DA:148,0
DA:149,0
DA:150,0
DA:151,0
DA:152,0
DA:153,0
DA:154,0
DA:155,0
DA:157,0
DA:159,0
DA:160,0
DA:162,0
DA:168,0
DA:169,0
DA:170,0
DA:171,0
DA:175,0
DA:176,0
DA:177,0
DA:179,0
DA:182,0
DA:183,0
DA:185,0
DA:186,0
DA:188,0
DA:189,0
DA:190,0
DA:192,0
DA:193,0
DA:194,0
DA:196,0
DA:198,0
DA:200,0
DA:201,0
DA:202,0
DA:203,0
DA:204,0
DA:206,0
DA:207,0
DA:208,0
DA:209,0
DA:210,0
DA:212,0
DA:213,0
DA:214,0
DA:215,0
DA:219,0
DA:220,0
DA:221,0
DA:222,0
DA:224,0
DA:225,0
DA:226,0
DA:227,0
DA:228,0
DA:229,0
DA:230,0
DA:234,0
DA:236,0
DA:237,0
DA:239,0
DA:245,0
DA:246,0
DA:247,0
DA:248,0
DA:249,0
DA:250,0
DA:252,0
DA:253,0
DA:254,0
DA:256,0
DA:257,0
DA:258,0
LF:138
LH:0
end_of_record
TN:
SF:/home/marlonsc/mcb/third-party/seaography/src/query/entity_query_field.rs
FNF:0
DA:71,0
DA:73,0
DA:74,0
DA:82,0
DA:84,0
DA:85,0
DA:99,0
DA:102,0
DA:103,0
DA:105,0
DA:106,0
DA:107,0
DA:110,0
DA:113,0
DA:114,0
DA:115,0
DA:117,0
DA:118,0
DA:121,0
DA:122,0
DA:123,0
DA:124,0
DA:125,0
DA:126,0
DA:127,0
DA:129,0
DA:132,0
DA:133,0
DA:134,0
DA:135,0
DA:136,0
DA:138,0
DA:139,0
DA:140,0
DA:142,0
DA:144,0
DA:145,0
DA:146,0
DA:148,0
DA:150,0
DA:154,0
DA:164,0
DA:167,0
DA:170,0
DA:173,0
DA:176,0
DA:179,0
DA:182,0
DA:183,0
DA:184,0
DA:186,0
DA:187,0
DA:188,0
DA:190,0
DA:191,0
DA:192,0
DA:193,0
DA:194,0
DA:196,0
DA:199,0
DA:200,0
DA:201,0
DA:202,0
DA:203,0
DA:204,0
DA:205,0
DA:206,0
DA:207,0
DA:209,0
DA:210,0
DA:211,0
DA:213,0
DA:214,0
DA:216,0
DA:217,0
DA:218,0
DA:220,0
DA:222,0
DA:225,0
DA:226,0
DA:227,0
DA:229,0
DA:230,0
DA:231,0
DA:233,0
DA:234,0
DA:235,0
DA:237,0
DA:238,0
DA:239,0
LF:90
LH:0
end_of_record
TN:
SF:/home/marlonsc/mcb/third-party/seaography/src/query/filtering.rs
FN:15,get_filter_conditions
FN:32,recursive_prepare_condition
FNF:2
FNDA:0,get_filter_conditions
FNDA:0,recursive_prepare_condition
DA:15,0
DA:16,0
DA:18,0
DA:20,0
DA:32,0
DA:33,0
DA:35,0
DA:36,0
DA:37,0
DA:38,0
DA:40,0
DA:42,0
DA:43,0
DA:45,0
DA:47,0
DA:52,0
DA:53,0
DA:55,0
DA:56,0
DA:57,0
DA:58,0
DA:59,0
DA:63,0
DA:65,0
DA:68,0
DA:69,0
DA:71,0
DA:72,0
DA:73,0
DA:74,0
DA:75,0
DA:79,0
DA:81,0
DA:84,0
DA:85,0
DA:86,0
DA:88,0
DA:91,0
LF:38
LH:0
end_of_record
TN:
SF:/home/marlonsc/mcb/third-party/seaography/src/query/having.rs
FN:24,get_having_conditions
FN:63,RelatedEntityFilter<E>::build
FN:71,RelatedEntityFilter<E>::field_names
FN:84,RelatedEntityFilter<E>::apply
FN:103,RelatedEntityFilterBuilder::get_relation_via
FN:115,RelatedEntityFilterBuilder::get_relation
FN:131,RelatedEntityFilterField::new
FNF:7
FNDA:0,get_having_conditions
FNDA:0,RelatedEntityFilter<E>::build
FNDA:0,RelatedEntityFilter<E>::field_names
FNDA:0,RelatedEntityFilter<E>::apply
FNDA:0,RelatedEntityFilterBuilder::get_relation_via
FNDA:0,RelatedEntityFilterBuilder::get_relation
FNDA:0,RelatedEntityFilterField::new
DA:24,0
DA:25,0
DA:26,0
DA:27,0
DA:29,0
DA:63,0
DA:71,0
DA:72,0
DA:74,0
DA:84,0
DA:85,0
DA:86,0
DA:87,0
DA:88,0
DA:92,0
DA:103,0
DA:104,0
DA:105,0
DA:106,0
DA:115,0
DA:131,0
DA:137,0
LF:22
LH:0
end_of_record
TN:
SF:/home/marlonsc/mcb/third-party/seaography/src/query/loader/impl_traits.rs
FN:7,<impl PartialEq for KeyComplex<T>>::eq
FNF:1
FNDA:0,<impl PartialEq for KeyComplex<T>>::eq
DA:7,0
DA:8,0
DA:9,0
DA:10,0
DA:11,0
DA:12,0
DA:52,0
DA:53,0
DA:54,0
DA:55,0
DA:56,0
DA:57,0
DA:59,0
DA:60,0
DA:61,0
DA:63,0
DA:64,0
DA:65,0
DA:67,0
DA:68,0
DA:69,0
DA:71,0
DA:72,0
DA:73,0
DA:75,0
DA:76,0
DA:77,0
DA:79,0
DA:82,0
DA:90,0
DA:91,0
DA:92,0
DA:93,0
DA:94,0
DA:95,0
DA:96,0
DA:107,0
DA:108,0
DA:109,0
DA:110,0
DA:111,0
LF:41
LH:0
end_of_record
TN:
SF:/home/marlonsc/mcb/third-party/seaography/src/query/loader/loader_impl.rs
FN:18,<impl Container for Vec<T>>::add
FN:25,<impl Container for Option<T>>::add
FN:44,loader_impl
FN:113,extract_key
FN:153,extract_col_type
FNF:5
FNDA:0,<impl Container for Vec<T>>::add
FNDA:0,<impl Container for Option<T>>::add
FNDA:0,loader_impl
FNDA:0,extract_key
FNDA:0,extract_col_type
DA:18,0
DA:19,0
DA:25,0
DA:26,0
DA:44,0
DA:45,0
DA:48,0
DA:49,0
DA:51,0
DA:62,0
DA:64,0
DA:65,0
DA:66,0
DA:69,0
DA:70,0
DA:72,0
DA:73,0
DA:74,0
DA:75,0
DA:76,0
DA:79,0
DA:80,0
DA:82,0
DA:83,0
DA:86,0
DA:89,0
DA:91,0
DA:93,0
DA:95,0
DA:97,0
DA:99,0
DA:100,0
DA:101,0
DA:102,0
DA:105,0
DA:113,0
DA:114,0
DA:115,0
DA:116,0
DA:117,0
DA:118,0
DA:120,0
DA:121,0
DA:125,0
DA:126,0
DA:127,0
DA:128,0
DA:129,0
DA:130,0
DA:132,0
DA:133,0
DA:134,0
DA:135,0
DA:136,0
DA:137,0
DA:140,0
DA:153,0
DA:154,0
DA:155,0
DA:156,0
DA:157,0
DA:161,0
DA:162,0
DA:163,0
DA:164,0
DA:165,0
DA:166,0
DA:168,0
DA:169,0
DA:170,0
DA:171,0
DA:176,0
LF:72
LH:0
end_of_record
TN:
SF:/home/marlonsc/mcb/third-party/seaography/src/query/loader.rs
FN:48,OneToManyLoader<T>::new
FN:68,<impl Loader for OneToManyLoader<T>>::load
FN:114,OneToOneLoader<T>::new
FN:134,<impl Loader for OneToOneLoader<T>>::load
FN:172,consolidate_groups
FNF:5
FNDA:0,OneToManyLoader<T>::new
FNDA:0,<impl Loader for OneToManyLoader<T>>::load
FNDA:0,OneToOneLoader<T>::new
FNDA:0,<impl Loader for OneToOneLoader<T>>::load
FNDA:0,consolidate_groups
DA:48,0
DA:68,0
DA:70,0
DA:72,0
DA:73,0
DA:74,0
DA:75,0
DA:76,0
DA:78,0
DA:79,0
DA:80,0
DA:81,0
DA:82,0
DA:83,0
DA:85,0
DA:86,0
DA:87,0
DA:88,0
DA:89,0
DA:90,0
DA:92,0
DA:97,0
DA:114,0
DA:134,0
DA:136,0
DA:138,0
DA:139,0
DA:140,0
DA:141,0
DA:142,0
DA:144,0
DA:145,0
DA:146,0
DA:147,0
DA:148,0
DA:149,0
DA:151,0
DA:152,0
DA:153,0
DA:154,0
DA:155,0
DA:156,0
DA:157,0
DA:159,0
DA:165,0
DA:172,0
DA:174,0
DA:175,0
DA:176,0
DA:177,0
DA:179,0
DA:180,0
DA:185,0
LF:53
LH:0
end_of_record
TN:
SF:/home/marlonsc/mcb/third-party/seaography/src/query/ordering.rs
FN:11,apply_order
FNF:1
FNDA:0,apply_order
DA:11,0
DA:13,0
LF:2
LH:0
end_of_record
TN:
SF:/home/marlonsc/mcb/third-party/seaography/src/query/pagination.rs
FN:24,apply_pagination
FN:32,apply_pagination::apply_stmt_cursor_by
FN:266,apply_memory_pagination
FNF:3
FNDA:0,apply_pagination
FNDA:0,apply_pagination::apply_stmt_cursor_by
FNDA:0,apply_memory_pagination
DA:24,0
DA:26,0
DA:27,0
DA:29,0
DA:30,0
DA:32,0
DA:39,0
DA:40,0
DA:41,0
DA:42,0
DA:43,0
DA:44,0
DA:45,0
DA:46,0
DA:47,0
DA:50,0
DA:51,0
DA:52,0
DA:53,0
DA:56,0
DA:58,0
DA:59,0
DA:64,0
DA:66,0
DA:67,0
DA:69,0
DA:72,0
DA:74,0
DA:75,0
DA:77,0
DA:79,0
DA:80,0
DA:82,0
DA:84,0
DA:86,0
DA:90,0
DA:91,0
DA:93,0
DA:95,0
DA:96,0
DA:98,0
DA:100,0
DA:102,0
DA:106,0
DA:108,0
DA:109,0
DA:111,0
DA:113,0
DA:117,0
DA:118,0
DA:120,0
DA:121,0
DA:122,0
DA:123,0
DA:124,0
DA:125,0
DA:126,0
DA:128,0
DA:130,0
DA:131,0
DA:133,0
DA:135,0
DA:137,0
DA:139,0
DA:141,0
DA:142,0
DA:144,0
DA:146,0
DA:150,0
DA:151,0
DA:153,0
DA:154,0
DA:155,0
DA:156,0
DA:157,0
DA:158,0
DA:159,0
DA:161,0
DA:162,0
DA:163,0
DA:164,0
DA:165,0
DA:168,0
DA:169,0
DA:171,0
DA:172,0
DA:174,0
DA:176,0
DA:178,0
DA:180,0
DA:181,0
DA:183,0
DA:185,0
DA:189,0
DA:190,0
DA:192,0
DA:193,0
DA:194,0
DA:197,0
DA:198,0
DA:199,0
DA:200,0
DA:202,0
DA:205,0
DA:206,0
DA:207,0
DA:208,0
DA:209,0
DA:210,0
DA:211,0
DA:213,0
DA:214,0
DA:215,0
DA:216,0
DA:217,0
DA:221,0
DA:223,0
DA:225,0
DA:226,0
DA:228,0
DA:230,0
DA:234,0
DA:235,0
DA:237,0
DA:239,0
DA:240,0
DA:241,0
DA:242,0
DA:243,0
DA:244,0
DA:245,0
DA:247,0
DA:248,0
DA:249,0
DA:250,0
DA:251,0
DA:266,0
DA:268,0
DA:269,0
DA:270,0
DA:272,0
DA:273,0
DA:275,0
DA:277,0
DA:280,0
DA:282,0
DA:285,0
DA:286,0
DA:287,0
DA:288,0
DA:290,0
DA:291,0
DA:293,0
DA:294,0
DA:296,0
DA:299,0
DA:302,0
DA:304,0
DA:306,0
DA:309,0
DA:310,0
DA:312,0
DA:313,0
DA:314,0
DA:315,0
DA:316,0
DA:317,0
DA:318,0
DA:320,0
DA:321,0
DA:322,0
DA:323,0
DA:324,0
DA:327,0
DA:328,0
DA:329,0
DA:330,0
DA:332,0
DA:335,0
DA:336,0
DA:337,0
DA:339,0
DA:342,0
DA:343,0
DA:345,0
DA:346,0
DA:347,0
DA:348,0
DA:349,0
DA:350,0
DA:351,0
DA:353,0
DA:354,0
DA:355,0
DA:356,0
DA:357,0
DA:360,0
DA:361,0
DA:362,0
DA:363,0
DA:364,0
DA:366,0
DA:369,0
DA:370,0
DA:371,0
DA:372,0
DA:375,0
DA:376,0
DA:377,0
DA:378,0
DA:382,0
DA:383,0
DA:385,0
DA:386,0
DA:387,0
DA:388,0
DA:389,0
DA:390,0
DA:391,0
DA:393,0
DA:394,0
DA:395,0
DA:396,0
DA:397,0
DA:401,0
DA:402,0
DA:404,0
DA:406,0
DA:407,0
DA:408,0
DA:409,0
DA:410,0
DA:411,0
DA:412,0
DA:414,0
DA:415,0
DA:416,0
DA:417,0
DA:418,0
LF:239
LH:0
end_of_record
TN:
SF:/home/marlonsc/mcb/third-party/seaography/src/rbac.rs
FNF:0
DA:43,0
DA:44,0
DA:45,0
DA:62,0
DA:63,0
LF:5
LH:0
end_of_record
TN:
SF:/home/marlonsc/mcb/third-party/seaography/src/schema.rs
FN:49,inner::<impl Deserialize for ColumnType>::deserialize
FN:58,inner::<impl Visitor for ColumnTypeVisitor>::expecting
FN:66,inner::<impl Visitor for ColumnTypeVisitor>::visit_str
FN:79,inner::<impl Visitor for ColumnTypeVisitor>::visit_map
FNF:4
FNDA:0,inner::<impl Deserialize for ColumnType>::deserialize
FNDA:0,inner::<impl Visitor for ColumnTypeVisitor>::expecting
FNDA:0,inner::<impl Visitor for ColumnTypeVisitor>::visit_str
FNDA:0,inner::<impl Visitor for ColumnTypeVisitor>::visit_map
DA:49,0
DA:58,0
DA:59,0
DA:66,0
DA:67,0
DA:68,0
DA:69,0
DA:79,0
DA:81,0
DA:82,0
DA:85,0
DA:88,0
DA:89,0
DA:90,0
DA:91,0
DA:92,0
DA:97,0
DA:98,0
DA:99,0
DA:100,0
DA:101,0
DA:105,0
LF:22
LH:0
end_of_record
TN:
SF:/home/marlonsc/mcb/third-party/seaography/src/utilities.rs
FNF:0
DA:321,0
DA:322,0
DA:323,0
DA:324,0
DA:325,0
DA:326,0
DA:327,0
DA:329,0
DA:339,0
DA:347,0
DA:348,0
DA:349,0
DA:350,0
DA:351,0
DA:353,0
DA:356,0
DA:357,0
DA:358,0
DA:359,0
DA:361,0
DA:362,0
DA:363,0
DA:364,0
DA:365,0
DA:367,0
DA:369,0
DA:370,0
LF:27
LH:0
end_of_record
